#
# There is insufficient memory for the Java Runtime Environment to continue.
# Native memory allocation (malloc) failed to allocate 693616 bytes for Chunk::new
# Possible reasons:
#   The system is out of physical RAM or swap space
#   The process is running with CompressedOops enabled, and the Java Heap may be blocking the growth of the native heap
# Possible solutions:
#   Reduce memory load on the system
#   Increase physical memory or swap space
#   Check if swap backing store is full
#   Decrease Java heap size (-Xmx/-Xms)
#   Decrease number of Java threads
#   Decrease Java thread stack sizes (-Xss)
#   Set larger code cache with -XX:ReservedCodeCacheSize=
#   JVM is running with Unscaled Compressed Oops mode in which the Java heap is
#     placed in the first 4GB address space. The Java Heap base address is the
#     maximum limit for the native heap growth. Please use -XX:HeapBaseMinAddress
#     to set the Java Heap base and to place the Java Heap above 4GB virtual address.
# This output file may be truncated or incomplete.
#
#  Out of Memory Error (arena.cpp:184), pid=3432, tid=8772
#
# JRE version: Java(TM) SE Runtime Environment (20.0.2+9) (build 20.0.2+9-78)
# Java VM: Java HotSpot(TM) 64-Bit Server VM (20.0.2+9-78, mixed mode, sharing, tiered, compressed oops, compressed class ptrs, g1 gc, windows-amd64)
# No core dump will be written. Minidumps are not enabled by default on client versions of Windows
#

---------------  S U M M A R Y ------------

Command Line: -javaagent:C:\Program Files\JetBrains\IntelliJ IDEA 2024.3\lib\idea_rt.jar=61414:C:\Program Files\JetBrains\IntelliJ IDEA 2024.3\bin -Dfile.encoding=UTF-8 -Dsun.stdout.encoding=UTF-8 -Dsun.stderr.encoding=UTF-8 Cus_ProductListPage

Host: Intel(R) Core(TM) i7-8565U CPU @ 1.80GHz, 8 cores, 3G,  Windows 11 , 64 bit Build 22621 (10.0.22621.4391)
Time: Tue Dec  3 00:41:50 2024 SE Asia Standard Time elapsed time: 1.157912 seconds (0d 0h 0m 1s)

---------------  T H R E A D  ---------------

Current thread (0x00000254d3b05330):  JavaThread "C2 CompilerThread0" daemon [_thread_in_native, id=8772, stack(0x000000d323400000,0x000000d323500000)]


Current CompileTask:
C2:   1157 1162   !   4       sun.awt.image.PNGImageDecoder::produceImage (1917 bytes)

Stack: [0x000000d323400000,0x000000d323500000]
Native frames: (J=compiled Java code, j=interpreted, Vv=VM code, C=native code)
V  [jvm.dll+0x6bc25a]
V  [jvm.dll+0x84971a]
V  [jvm.dll+0x84b315]
V  [jvm.dll+0x84ba13]
V  [jvm.dll+0x280e4f]
V  [jvm.dll+0xc2ab1]
V  [jvm.dll+0xc2dd5]
V  [jvm.dll+0x2f611f]
V  [jvm.dll+0x5e3b0b]
V  [jvm.dll+0x254684]
V  [jvm.dll+0x254a4f]
V  [jvm.dll+0x24d23d]
V  [jvm.dll+0x24a819]
V  [jvm.dll+0x1ce761]
V  [jvm.dll+0x25a0eb]
V  [jvm.dll+0x2587c0]
V  [jvm.dll+0x3f2dd5]
V  [jvm.dll+0x7f5c76]
V  [jvm.dll+0x6baecb]
C  [ucrtbase.dll+0x29333]
C  [KERNEL32.DLL+0x1259d]
C  [ntdll.dll+0x5af38]


---------------  P R O C E S S  ---------------

Threads class SMR info:
_java_thread_list=0x000002551a5d1e00, length=18, elements={
0x00000254d3af1dc0, 0x00000254d3af29c0, 0x00000254d3af6380, 0x00000254d3af7cd0,
0x00000254d3af8610, 0x00000254d3af9080, 0x00000254d3b05330, 0x00000254d3b290f0,
0x00000254d3ac1ea0, 0x0000025518f91b20, 0x0000025518ec57c0, 0x0000025519044ee0,
0x000002551907d4e0, 0x000002551907deb0, 0x00000255190f03f0, 0x00000254b88803c0,
0x0000025519eb1840, 0x0000025519e298f0
}

Java Threads: ( => current thread )
  0x00000254d3af1dc0 JavaThread "Reference Handler" daemon [_thread_blocked, id=20668, stack(0x000000d322e00000,0x000000d322f00000)]
  0x00000254d3af29c0 JavaThread "Finalizer" daemon [_thread_blocked, id=20720, stack(0x000000d322f00000,0x000000d323000000)]
  0x00000254d3af6380 JavaThread "Signal Dispatcher" daemon [_thread_blocked, id=22260, stack(0x000000d323000000,0x000000d323100000)]
  0x00000254d3af7cd0 JavaThread "Attach Listener" daemon [_thread_blocked, id=18016, stack(0x000000d323100000,0x000000d323200000)]
  0x00000254d3af8610 JavaThread "Service Thread" daemon [_thread_blocked, id=20164, stack(0x000000d323200000,0x000000d323300000)]
  0x00000254d3af9080 JavaThread "Monitor Deflation Thread" daemon [_thread_blocked, id=7760, stack(0x000000d323300000,0x000000d323400000)]
=>0x00000254d3b05330 JavaThread "C2 CompilerThread0" daemon [_thread_in_native, id=8772, stack(0x000000d323400000,0x000000d323500000)]
  0x00000254d3b290f0 JavaThread "C1 CompilerThread0" daemon [_thread_blocked, id=7080, stack(0x000000d323500000,0x000000d323600000)]
  0x00000254d3ac1ea0 JavaThread "Common-Cleaner" daemon [_thread_blocked, id=16576, stack(0x000000d323600000,0x000000d323700000)]
  0x0000025518f91b20 JavaThread "Monitor Ctrl-Break" daemon [_thread_in_native, id=7468, stack(0x000000d323700000,0x000000d323800000)]
  0x0000025518ec57c0 JavaThread "Notification Thread" daemon [_thread_blocked, id=7836, stack(0x000000d323800000,0x000000d323900000)]
  0x0000025519044ee0 JavaThread "Java2D Disposer" daemon [_thread_blocked, id=11320, stack(0x000000d323a00000,0x000000d323b00000)]
  0x000002551907d4e0 JavaThread "AWT-Shutdown" [_thread_blocked, id=9116, stack(0x000000d323b00000,0x000000d323c00000)]
  0x000002551907deb0 JavaThread "AWT-Windows" daemon [_thread_in_native, id=22756, stack(0x000000d323c00000,0x000000d323d00000)]
  0x00000255190f03f0 JavaThread "AWT-EventQueue-0" [_thread_in_vm, id=14992, stack(0x000000d323d00000,0x000000d323e00000)]
  0x00000254b88803c0 JavaThread "DestroyJavaVM" [_thread_blocked, id=10260, stack(0x000000d322700000,0x000000d322800000)]
  0x0000025519eb1840 JavaThread "Image Fetcher 0" daemon [_thread_blocked, id=15920, stack(0x000000d323e00000,0x000000d323f00000)]
  0x0000025519e298f0 JavaThread "RMI TCP Accept-0" daemon [_thread_in_native, id=5448, stack(0x000000d323f00000,0x000000d324000000)]

Other Threads:
  0x00000254d3ad5ef0 VMThread "VM Thread" [stack: 0x000000d322d00000,0x000000d322e00000] [id=4052]
  0x0000025518f9bec0 WatcherThread "VM Periodic Task Thread" [stack: 0x000000d323900000,0x000000d323a00000] [id=16500]
  0x00000254b88c1e80 WorkerThread "GC Thread#0" [stack: 0x000000d322800000,0x000000d322900000] [id=19004]
  0x00000254b88ca3d0 ConcurrentGCThread "G1 Main Marker" [stack: 0x000000d322900000,0x000000d322a00000] [id=4676]
  0x00000254b88caea0 WorkerThread "G1 Conc#0" [stack: 0x000000d322a00000,0x000000d322b00000] [id=21232]
  0x00000254b89339e0 ConcurrentGCThread "G1 Refine#0" [stack: 0x000000d322b00000,0x000000d322c00000] [id=19340]
  0x00000254b8934380 ConcurrentGCThread "G1 Service" [stack: 0x000000d322c00000,0x000000d322d00000] [id=3172]

Threads with active compile tasks:
C2 CompilerThread0     1215 1162   !   4       sun.awt.image.PNGImageDecoder::produceImage (1917 bytes)
C1 CompilerThread0     1215 1262       2       java.util.Arrays::copyOfRange (90 bytes)

VM state: not at safepoint (normal execution)

VM Mutex/Monitor currently owned by a thread: None

Heap address: 0x00000000c4600000, size: 954 MB, Compressed Oops mode: 32-bit

CDS archive(s) mapped at: [0x00000254d3c00000-0x00000254d4860000-0x00000254d4860000), size 12976128, SharedBaseAddress: 0x00000254d3c00000, ArchiveRelocationMode: 1.
Compressed class space mapped at: 0x00000254d4c00000-0x0000025514c00000, reserved size: 1073741824
Narrow klass base: 0x00000254d3c00000, Narrow klass shift: 0, Narrow klass range: 0x100000000

GC Precious Log:
 CardTable entry size: 512
 Card Set container configuration: InlinePtr #cards 5 size 8 Array Of Cards #cards 12 size 40 Howl #buckets 4 coarsen threshold 1843 Howl Bitmap #cards 512 size 80 coarsen threshold 460 Card regions per heap region 1 cards per card region 2048
 CPUs: 8 total, 8 available
 Memory: 3810M
 Large Page Support: Disabled
 NUMA Support: Disabled
 Compressed Oops: Enabled (32-bit)
 Heap Region Size: 1M
 Heap Min Capacity: 8M
 Heap Initial Capacity: 60M
 Heap Max Capacity: 954M
 Pre-touch: Disabled
 Parallel Workers: 8
 Concurrent Workers: 2
 Concurrent Refinement Workers: 8
 Periodic GC: Disabled

Heap:
 garbage-first heap   total 61440K, used 17408K [0x00000000c4600000, 0x0000000100000000)
  region size 1024K, 17 young (17408K), 0 survivors (0K)
 Metaspace       used 11165K, committed 11456K, reserved 1114112K
  class space    used 1218K, committed 1344K, reserved 1048576K

Heap Regions: E=young(eden), S=young(survivor), O=old, HS=humongous(starts), HC=humongous(continues), CS=collection set, F=free, OA=open archive, CA=closed archive, TAMS=top-at-mark-start, PB=parsable bottom
|   0|0x00000000c4600000, 0x00000000c4700000, 0x00000000c4700000|100%|HS|  |TAMS 0x00000000c4600000| PB 0x00000000c4600000| Complete 
|   1|0x00000000c4700000, 0x00000000c4700000, 0x00000000c4800000|  0%| F|  |TAMS 0x00000000c4700000| PB 0x00000000c4700000| Untracked 
|   2|0x00000000c4800000, 0x00000000c4800000, 0x00000000c4900000|  0%| F|  |TAMS 0x00000000c4800000| PB 0x00000000c4800000| Untracked 
|   3|0x00000000c4900000, 0x00000000c4900000, 0x00000000c4a00000|  0%| F|  |TAMS 0x00000000c4900000| PB 0x00000000c4900000| Untracked 
|   4|0x00000000c4a00000, 0x00000000c4a00000, 0x00000000c4b00000|  0%| F|  |TAMS 0x00000000c4a00000| PB 0x00000000c4a00000| Untracked 
|   5|0x00000000c4b00000, 0x00000000c4b00000, 0x00000000c4c00000|  0%| F|  |TAMS 0x00000000c4b00000| PB 0x00000000c4b00000| Untracked 
|   6|0x00000000c4c00000, 0x00000000c4c00000, 0x00000000c4d00000|  0%| F|  |TAMS 0x00000000c4c00000| PB 0x00000000c4c00000| Untracked 
|   7|0x00000000c4d00000, 0x00000000c4d00000, 0x00000000c4e00000|  0%| F|  |TAMS 0x00000000c4d00000| PB 0x00000000c4d00000| Untracked 
|   8|0x00000000c4e00000, 0x00000000c4e00000, 0x00000000c4f00000|  0%| F|  |TAMS 0x00000000c4e00000| PB 0x00000000c4e00000| Untracked 
|   9|0x00000000c4f00000, 0x00000000c4f00000, 0x00000000c5000000|  0%| F|  |TAMS 0x00000000c4f00000| PB 0x00000000c4f00000| Untracked 
|  10|0x00000000c5000000, 0x00000000c5000000, 0x00000000c5100000|  0%| F|  |TAMS 0x00000000c5000000| PB 0x00000000c5000000| Untracked 
|  11|0x00000000c5100000, 0x00000000c5100000, 0x00000000c5200000|  0%| F|  |TAMS 0x00000000c5100000| PB 0x00000000c5100000| Untracked 
|  12|0x00000000c5200000, 0x00000000c5200000, 0x00000000c5300000|  0%| F|  |TAMS 0x00000000c5200000| PB 0x00000000c5200000| Untracked 
|  13|0x00000000c5300000, 0x00000000c5300000, 0x00000000c5400000|  0%| F|  |TAMS 0x00000000c5300000| PB 0x00000000c5300000| Untracked 
|  14|0x00000000c5400000, 0x00000000c5400000, 0x00000000c5500000|  0%| F|  |TAMS 0x00000000c5400000| PB 0x00000000c5400000| Untracked 
|  15|0x00000000c5500000, 0x00000000c5500000, 0x00000000c5600000|  0%| F|  |TAMS 0x00000000c5500000| PB 0x00000000c5500000| Untracked 
|  16|0x00000000c5600000, 0x00000000c5600000, 0x00000000c5700000|  0%| F|  |TAMS 0x00000000c5600000| PB 0x00000000c5600000| Untracked 
|  17|0x00000000c5700000, 0x00000000c5700000, 0x00000000c5800000|  0%| F|  |TAMS 0x00000000c5700000| PB 0x00000000c5700000| Untracked 
|  18|0x00000000c5800000, 0x00000000c5800000, 0x00000000c5900000|  0%| F|  |TAMS 0x00000000c5800000| PB 0x00000000c5800000| Untracked 
|  19|0x00000000c5900000, 0x00000000c5900000, 0x00000000c5a00000|  0%| F|  |TAMS 0x00000000c5900000| PB 0x00000000c5900000| Untracked 
|  20|0x00000000c5a00000, 0x00000000c5a00000, 0x00000000c5b00000|  0%| F|  |TAMS 0x00000000c5a00000| PB 0x00000000c5a00000| Untracked 
|  21|0x00000000c5b00000, 0x00000000c5b00000, 0x00000000c5c00000|  0%| F|  |TAMS 0x00000000c5b00000| PB 0x00000000c5b00000| Untracked 
|  22|0x00000000c5c00000, 0x00000000c5c00000, 0x00000000c5d00000|  0%| F|  |TAMS 0x00000000c5c00000| PB 0x00000000c5c00000| Untracked 
|  23|0x00000000c5d00000, 0x00000000c5d00000, 0x00000000c5e00000|  0%| F|  |TAMS 0x00000000c5d00000| PB 0x00000000c5d00000| Untracked 
|  24|0x00000000c5e00000, 0x00000000c5e00000, 0x00000000c5f00000|  0%| F|  |TAMS 0x00000000c5e00000| PB 0x00000000c5e00000| Untracked 
|  25|0x00000000c5f00000, 0x00000000c5f00000, 0x00000000c6000000|  0%| F|  |TAMS 0x00000000c5f00000| PB 0x00000000c5f00000| Untracked 
|  26|0x00000000c6000000, 0x00000000c6000000, 0x00000000c6100000|  0%| F|  |TAMS 0x00000000c6000000| PB 0x00000000c6000000| Untracked 
|  27|0x00000000c6100000, 0x00000000c6100000, 0x00000000c6200000|  0%| F|  |TAMS 0x00000000c6100000| PB 0x00000000c6100000| Untracked 
|  28|0x00000000c6200000, 0x00000000c6200000, 0x00000000c6300000|  0%| F|  |TAMS 0x00000000c6200000| PB 0x00000000c6200000| Untracked 
|  29|0x00000000c6300000, 0x00000000c6300000, 0x00000000c6400000|  0%| F|  |TAMS 0x00000000c6300000| PB 0x00000000c6300000| Untracked 
|  30|0x00000000c6400000, 0x00000000c6400000, 0x00000000c6500000|  0%| F|  |TAMS 0x00000000c6400000| PB 0x00000000c6400000| Untracked 
|  31|0x00000000c6500000, 0x00000000c6500000, 0x00000000c6600000|  0%| F|  |TAMS 0x00000000c6500000| PB 0x00000000c6500000| Untracked 
|  32|0x00000000c6600000, 0x00000000c6600000, 0x00000000c6700000|  0%| F|  |TAMS 0x00000000c6600000| PB 0x00000000c6600000| Untracked 
|  33|0x00000000c6700000, 0x00000000c6700000, 0x00000000c6800000|  0%| F|  |TAMS 0x00000000c6700000| PB 0x00000000c6700000| Untracked 
|  34|0x00000000c6800000, 0x00000000c6800000, 0x00000000c6900000|  0%| F|  |TAMS 0x00000000c6800000| PB 0x00000000c6800000| Untracked 
|  35|0x00000000c6900000, 0x00000000c6900000, 0x00000000c6a00000|  0%| F|  |TAMS 0x00000000c6900000| PB 0x00000000c6900000| Untracked 
|  36|0x00000000c6a00000, 0x00000000c6a00000, 0x00000000c6b00000|  0%| F|  |TAMS 0x00000000c6a00000| PB 0x00000000c6a00000| Untracked 
|  37|0x00000000c6b00000, 0x00000000c6b00000, 0x00000000c6c00000|  0%| F|  |TAMS 0x00000000c6b00000| PB 0x00000000c6b00000| Untracked 
|  38|0x00000000c6c00000, 0x00000000c6c00000, 0x00000000c6d00000|  0%| F|  |TAMS 0x00000000c6c00000| PB 0x00000000c6c00000| Untracked 
|  39|0x00000000c6d00000, 0x00000000c6d00000, 0x00000000c6e00000|  0%| F|  |TAMS 0x00000000c6d00000| PB 0x00000000c6d00000| Untracked 
|  40|0x00000000c6e00000, 0x00000000c6e00000, 0x00000000c6f00000|  0%| F|  |TAMS 0x00000000c6e00000| PB 0x00000000c6e00000| Untracked 
|  41|0x00000000c6f00000, 0x00000000c6f00000, 0x00000000c7000000|  0%| F|  |TAMS 0x00000000c6f00000| PB 0x00000000c6f00000| Untracked 
|  42|0x00000000c7000000, 0x00000000c7000000, 0x00000000c7100000|  0%| F|  |TAMS 0x00000000c7000000| PB 0x00000000c7000000| Untracked 
|  43|0x00000000c7100000, 0x00000000c71ec488, 0x00000000c7200000| 92%| E|  |TAMS 0x00000000c7100000| PB 0x00000000c7100000| Complete 
|  44|0x00000000c7200000, 0x00000000c7300000, 0x00000000c7300000|100%| E|CS|TAMS 0x00000000c7200000| PB 0x00000000c7200000| Complete 
|  45|0x00000000c7300000, 0x00000000c7400000, 0x00000000c7400000|100%| E|CS|TAMS 0x00000000c7300000| PB 0x00000000c7300000| Complete 
|  46|0x00000000c7400000, 0x00000000c7500000, 0x00000000c7500000|100%| E|CS|TAMS 0x00000000c7400000| PB 0x00000000c7400000| Complete 
|  47|0x00000000c7500000, 0x00000000c7600000, 0x00000000c7600000|100%| E|CS|TAMS 0x00000000c7500000| PB 0x00000000c7500000| Complete 
|  48|0x00000000c7600000, 0x00000000c7700000, 0x00000000c7700000|100%| E|CS|TAMS 0x00000000c7600000| PB 0x00000000c7600000| Complete 
|  49|0x00000000c7700000, 0x00000000c7800000, 0x00000000c7800000|100%| E|CS|TAMS 0x00000000c7700000| PB 0x00000000c7700000| Complete 
|  50|0x00000000c7800000, 0x00000000c7900000, 0x00000000c7900000|100%| E|CS|TAMS 0x00000000c7800000| PB 0x00000000c7800000| Complete 
|  51|0x00000000c7900000, 0x00000000c7a00000, 0x00000000c7a00000|100%| E|CS|TAMS 0x00000000c7900000| PB 0x00000000c7900000| Complete 
|  52|0x00000000c7a00000, 0x00000000c7b00000, 0x00000000c7b00000|100%| E|CS|TAMS 0x00000000c7a00000| PB 0x00000000c7a00000| Complete 
|  53|0x00000000c7b00000, 0x00000000c7c00000, 0x00000000c7c00000|100%| E|CS|TAMS 0x00000000c7b00000| PB 0x00000000c7b00000| Complete 
|  54|0x00000000c7c00000, 0x00000000c7d00000, 0x00000000c7d00000|100%| E|CS|TAMS 0x00000000c7c00000| PB 0x00000000c7c00000| Complete 
|  55|0x00000000c7d00000, 0x00000000c7e00000, 0x00000000c7e00000|100%| E|CS|TAMS 0x00000000c7d00000| PB 0x00000000c7d00000| Complete 
|  56|0x00000000c7e00000, 0x00000000c7f00000, 0x00000000c7f00000|100%| E|CS|TAMS 0x00000000c7e00000| PB 0x00000000c7e00000| Complete 
|  57|0x00000000c7f00000, 0x00000000c8000000, 0x00000000c8000000|100%| E|CS|TAMS 0x00000000c7f00000| PB 0x00000000c7f00000| Complete 
|  58|0x00000000c8000000, 0x00000000c8100000, 0x00000000c8100000|100%| E|CS|TAMS 0x00000000c8000000| PB 0x00000000c8000000| Complete 
|  59|0x00000000c8100000, 0x00000000c8200000, 0x00000000c8200000|100%| E|CS|TAMS 0x00000000c8100000| PB 0x00000000c8100000| Complete 

Card table byte_map: [0x00000254cfe60000,0x00000254d0040000] _byte_map_base: 0x00000254cf83d000

Marking Bits: (CMBitMap*) 0x00000254b88c23b0
 Bits: [0x00000254d0220000, 0x00000254d1108000)

Polling page: 0x00000254b6870000

Metaspace:

Usage:
  Non-class:      9.77 MB used.
      Class:      1.20 MB used.
       Both:     10.97 MB used.

Virtual space:
  Non-class space:       64.00 MB reserved,       9.94 MB ( 16%) committed,  1 nodes.
      Class space:        1.00 GB reserved,       1.31 MB ( <1%) committed,  1 nodes.
             Both:        1.06 GB reserved,      11.25 MB (  1%) committed. 

Chunk freelists:
   Non-Class:  1.98 MB
       Class:  2.74 MB
        Both:  4.72 MB

MaxMetaspaceSize: unlimited
CompressedClassSpaceSize: 1.00 GB
Initial GC threshold: 21.00 MB
Current GC threshold: 21.00 MB
CDS: on
MetaspaceReclaimPolicy: balanced
 - commit_granule_bytes: 65536.
 - commit_granule_words: 8192.
 - virtual_space_node_default_size: 8388608.
 - enlarge_chunks_in_place: 1.
 - new_chunks_are_fully_committed: 0.
 - uncommit_free_chunks: 1.
 - use_allocation_guard: 0.


Internal statistics:

num_allocs_failed_limit: 0.
num_arena_births: 194.
num_arena_deaths: 0.
num_vsnodes_births: 2.
num_vsnodes_deaths: 0.
num_space_committed: 180.
num_space_uncommitted: 0.
num_chunks_returned_to_freelist: 0.
num_chunks_taken_from_freelist: 284.
num_chunk_merges: 0.
num_chunk_splits: 151.
num_chunks_enlarged: 38.
num_inconsistent_stats: 0.

CodeHeap 'non-profiled nmethods': size=120000Kb used=363Kb max_used=363Kb free=119636Kb
 bounds [0x00000254c8420000, 0x00000254c8690000, 0x00000254cf950000]
CodeHeap 'profiled nmethods': size=120000Kb used=1961Kb max_used=1961Kb free=118038Kb
 bounds [0x00000254c0950000, 0x00000254c0bc0000, 0x00000254c7e80000]
CodeHeap 'non-nmethods': size=5760Kb used=1601Kb max_used=1601Kb free=4158Kb
 bounds [0x00000254c7e80000, 0x00000254c80f0000, 0x00000254c8420000]
 total_blobs=1851 nmethods=1238 adapters=524
 compilation: enabled
              stopped_count=0, restarted_count=0
 full_count=0

Compilation events (20 events):
Event: 1.134 Thread 0x00000254d3b290f0 1228       2       java.lang.invoke.LambdaFormEditor$TransformKey::of (49 bytes)
Event: 1.135 Thread 0x00000254d3b290f0 nmethod 1228 0x00000254c0b30b10 code [0x00000254c0b30cc0, 0x00000254c0b31008]
Event: 1.135 Thread 0x00000254d3b290f0 1229       2       jdk.internal.misc.Unsafe::getAndAddInt (27 bytes)
Event: 1.136 Thread 0x00000254d3b290f0 nmethod 1229 0x00000254c0b31110 code [0x00000254c0b312a0, 0x00000254c0b31480]
Event: 1.136 Thread 0x00000254d3b290f0 1230       2       java.lang.invoke.MethodHandles$Lookup$ClassFile::readUnsignedShort (39 bytes)
Event: 1.136 Thread 0x00000254d3b290f0 nmethod 1230 0x00000254c0b31590 code [0x00000254c0b31720, 0x00000254c0b318e8]
Event: 1.138 Thread 0x00000254d3b290f0 1231       1       java.beans.PropertyChangeEvent::getPropertyName (5 bytes)
Event: 1.138 Thread 0x00000254d3b290f0 nmethod 1231 0x00000254c8479810 code [0x00000254c8479980, 0x00000254c8479a48]
Event: 1.140 Thread 0x00000254d3b290f0 1232       1       java.util.logging.Level::intValue (5 bytes)
Event: 1.140 Thread 0x00000254d3b290f0 nmethod 1232 0x00000254c8479b10 code [0x00000254c8479c80, 0x00000254c8479d48]
Event: 1.144 Thread 0x00000254d3b290f0 1233       2       java.lang.Module::isNamed (13 bytes)
Event: 1.144 Thread 0x00000254d3b290f0 nmethod 1233 0x00000254c0b31a10 code [0x00000254c0b31ba0, 0x00000254c0b31cc0]
Event: 1.144 Thread 0x00000254d3b290f0 1234       3       java.util.HashMap::getNode (150 bytes)
Event: 1.145 Thread 0x00000254d3b290f0 nmethod 1234 0x00000254c0b31d90 code [0x00000254c0b31fc0, 0x00000254c0b32b88]
Event: 1.145 Thread 0x00000254d3b290f0 1235       2       java.lang.Class::getInterfaces (49 bytes)
Event: 1.145 Thread 0x00000254d3b290f0 nmethod 1235 0x00000254c0b32e90 code [0x00000254c0b33060, 0x00000254c0b33308]
Event: 1.146 Thread 0x00000254d3b290f0 1236       2       java.util.HashMap::<init> (8 bytes)
Event: 1.146 Thread 0x00000254d3b290f0 nmethod 1236 0x00000254c0b33490 code [0x00000254c0b33640, 0x00000254c0b33760]
Event: 1.148 Thread 0x00000254d3b290f0 1237       2       java.util.List::of (4 bytes)
Event: 1.148 Thread 0x00000254d3b290f0 nmethod 1237 0x00000254c0b33810 code [0x00000254c0b339a0, 0x00000254c0b33a90]

GC Heap History (0 events):
No events

Dll operation events (13 events):
Event: 0.077 Loaded shared library C:\Program Files\Java\jdk-20\bin\java.dll
Event: 0.112 Loaded shared library C:\Program Files\Java\jdk-20\bin\jsvml.dll
Event: 0.208 Loaded shared library C:\Program Files\Java\jdk-20\bin\zip.dll
Event: 0.214 Loaded shared library C:\Program Files\Java\jdk-20\bin\instrument.dll
Event: 0.223 Loaded shared library C:\Program Files\Java\jdk-20\bin\net.dll
Event: 0.226 Loaded shared library C:\Program Files\Java\jdk-20\bin\nio.dll
Event: 0.231 Loaded shared library C:\Program Files\Java\jdk-20\bin\zip.dll
Event: 0.282 Loaded shared library C:\Program Files\JetBrains\IntelliJ IDEA 2024.3\bin\breakgen64.dll
Event: 0.306 Loaded shared library C:\Program Files\Java\jdk-20\bin\extnet.dll
Event: 0.312 Loaded shared library C:\Program Files\Java\jdk-20\bin\jimage.dll
Event: 0.364 Loaded shared library C:\Program Files\Java\jdk-20\bin\awt.dll
Event: 0.627 Loaded shared library C:\Program Files\Java\jdk-20\bin\management.dll
Event: 0.660 Loaded shared library C:\Program Files\Java\jdk-20\bin\management_ext.dll

Deoptimization events (20 events):
Event: 1.095 Thread 0x0000025519eb1840 DEOPT PACKING pc=0x00000254c0ac721c sp=0x000000d323efed30
Event: 1.095 Thread 0x0000025519eb1840 DEOPT UNPACKING pc=0x00000254c7eea4c2 sp=0x000000d323efe1a0 mode 0
Event: 1.096 Thread 0x0000025519eb1840 DEOPT PACKING pc=0x00000254c0ac721c sp=0x000000d323efed30
Event: 1.096 Thread 0x0000025519eb1840 DEOPT UNPACKING pc=0x00000254c7eea4c2 sp=0x000000d323efe1a0 mode 0
Event: 1.096 Thread 0x0000025519eb1840 DEOPT PACKING pc=0x00000254c0ac721c sp=0x000000d323efed30
Event: 1.096 Thread 0x0000025519eb1840 DEOPT UNPACKING pc=0x00000254c7eea4c2 sp=0x000000d323efe1a0 mode 0
Event: 1.097 Thread 0x0000025519eb1840 DEOPT PACKING pc=0x00000254c0ac721c sp=0x000000d323efed30
Event: 1.097 Thread 0x0000025519eb1840 DEOPT UNPACKING pc=0x00000254c7eea4c2 sp=0x000000d323efe1a0 mode 0
Event: 1.098 Thread 0x0000025519eb1840 DEOPT PACKING pc=0x00000254c0ac721c sp=0x000000d323efed30
Event: 1.098 Thread 0x0000025519eb1840 DEOPT UNPACKING pc=0x00000254c7eea4c2 sp=0x000000d323efe1a0 mode 0
Event: 1.098 Thread 0x0000025519eb1840 DEOPT PACKING pc=0x00000254c0ac721c sp=0x000000d323efed30
Event: 1.098 Thread 0x0000025519eb1840 DEOPT UNPACKING pc=0x00000254c7eea4c2 sp=0x000000d323efe1a0 mode 0
Event: 1.099 Thread 0x0000025519eb1840 Uncommon trap: trap_request=0xffffff45 fr.pc=0x00000254c8472c4c relative=0x000000000000176c
Event: 1.099 Thread 0x0000025519eb1840 Uncommon trap: reason=unstable_if action=reinterpret pc=0x00000254c8472c4c method=sun.awt.image.PNGImageDecoder.produceImage()V @ 867 c2
Event: 1.099 Thread 0x0000025519eb1840 DEOPT PACKING pc=0x00000254c8472c4c sp=0x000000d323efedb0
Event: 1.099 Thread 0x0000025519eb1840 DEOPT UNPACKING pc=0x00000254c7ee9d22 sp=0x000000d323efed30 mode 2
Event: 1.136 Thread 0x00000254d3af7cd0 Uncommon trap: trap_request=0xffffff45 fr.pc=0x00000254c84655d4 relative=0x00000000000001b4
Event: 1.136 Thread 0x00000254d3af7cd0 Uncommon trap: reason=unstable_if action=reinterpret pc=0x00000254c84655d4 method=java.util.HashMap.getNode(Ljava/lang/Object;)Ljava/util/HashMap$Node; @ 66 c2
Event: 1.136 Thread 0x00000254d3af7cd0 DEOPT PACKING pc=0x00000254c84655d4 sp=0x000000d3231fda50
Event: 1.136 Thread 0x00000254d3af7cd0 DEOPT UNPACKING pc=0x00000254c7ee9d22 sp=0x000000d3231fd9c0 mode 2

Classes loaded (20 events):
Event: 1.152 Loading class java/io/ObjectStreamClass$Caches$1
Event: 1.153 Loading class javax/swing/text/AbstractDocument done
Event: 1.153 Loading class javax/swing/text/PlainDocument done
Event: 1.153 Loading class javax/swing/text/GapContent
Event: 1.153 Loading class java/io/ClassCache
Event: 1.153 Loading class javax/swing/text/AbstractDocument$Content
Event: 1.154 Loading class java/io/ClassCache done
Event: 1.154 Loading class java/io/ObjectStreamClass$Caches$1 done
Event: 1.154 Loading class java/io/ClassCache$1
Event: 1.154 Loading class javax/swing/text/AbstractDocument$Content done
Event: 1.154 Loading class java/io/ClassCache$1 done
Event: 1.154 Loading class javax/swing/text/GapVector
Event: 1.154 Loading class java/io/ObjectStreamClass$Caches$2
Event: 1.154 Loading class javax/swing/text/GapVector done
Event: 1.154 Loading class java/io/ObjectStreamClass$Caches$2 done
Event: 1.154 Loading class javax/swing/text/GapContent done
Event: 1.155 Loading class javax/swing/text/GapContent$MarkVector
Event: 1.155 Loading class java/io/ObjectStreamClass$2
Event: 1.155 Loading class javax/swing/text/GapContent$MarkVector done
Event: 1.155 Loading class javax/swing/text/GapContent$MarkData

Classes unloaded (0 events):
No events

Classes redefined (0 events):
No events

Internal exceptions (20 events):
Event: 0.269 Thread 0x00000254b88803c0 Exception <a 'java/lang/NoSuchMethodError'{0x00000000c7febe78}: 'java.lang.Object java.lang.invoke.Invokers$Holder.invokeExact_MT(java.lang.Object, java.lang.Object, java.lang.Object, java.lang.Object, java.lang.Object)'> (0x00000000c7febe78) 
thrown [s\open\src\hotspot\share\interpreter\linkResolver.cpp, line 773]
Event: 0.310 Thread 0x0000025518f91b20 Exception <a 'java/lang/NoSuchMethodError'{0x00000000c7e07460}: 'void java.lang.invoke.DirectMethodHandle$Holder.invokeStatic(java.lang.Object, java.lang.Object)'> (0x00000000c7e07460) 
thrown [s\open\src\hotspot\share\interpreter\linkResolver.cpp, line 773]
Event: 0.325 Thread 0x00000254b88803c0 Exception <a 'java/lang/ClassNotFoundException'{0x00000000c7e84448}: sun/awt/resources/spi/awtProvider> (0x00000000c7e84448) 
thrown [s\open\src\hotspot\share\classfile\systemDictionary.cpp, line 305]
Event: 0.386 Thread 0x00000254b88803c0 Exception <a 'java/io/FileNotFoundException'{0x00000000c7ed84b8}> (0x00000000c7ed84b8) 
thrown [s\open\src\hotspot\share\prims\jni.cpp, line 519]
Event: 0.402 Thread 0x00000254b88803c0 Exception <a 'java/io/FileNotFoundException'{0x00000000c7d02b58}> (0x00000000c7d02b58) 
thrown [s\open\src\hotspot\share\prims\jni.cpp, line 519]
Event: 0.543 Thread 0x00000254d3af7cd0 Exception <a 'java/lang/NoSuchMethodError'{0x00000000c7b6bae8}: 'java.lang.Object java.lang.invoke.Invokers$Holder.invokeExact_MT(java.lang.Object, java.lang.Object, java.lang.Object, java.lang.Object, java.lang.Object, java.lang.Object)'> (0x00000000c7b6bae8) 
thrown [s\open\src\hotspot\share\interpreter\linkResolver.cpp, line 773]
Event: 0.673 Thread 0x00000254d3af7cd0 Exception <a 'java/lang/NoSuchMethodError'{0x00000000c7b91580}: 'int java.lang.invoke.DirectMethodHandle$Holder.invokeInterface(java.lang.Object, java.lang.Object)'> (0x00000000c7b91580) 
thrown [s\open\src\hotspot\share\interpreter\linkResolver.cpp, line 773]
Event: 0.673 Thread 0x00000254d3af7cd0 Exception <a 'java/lang/IncompatibleClassChangeError'{0x00000000c7b94780}: Found class java.lang.Object, but interface was expected> (0x00000000c7b94780) 
thrown [s\open\src\hotspot\share\interpreter\linkResolver.cpp, line 840]
Event: 0.708 Thread 0x00000255190f03f0 Exception <a 'java/lang/NoSuchMethodError'{0x00000000c7a3ccc8}: 'void java.lang.invoke.DirectMethodHandle$Holder.invokeSpecial(java.lang.Object, java.lang.Object, java.lang.Object)'> (0x00000000c7a3ccc8) 
thrown [s\open\src\hotspot\share\interpreter\linkResolver.cpp, line 773]
Event: 0.734 Thread 0x00000255190f03f0 Exception <a 'java/lang/NoSuchMethodError'{0x00000000c7a672f8}: 'java.lang.Object java.lang.invoke.DirectMethodHandle$Holder.newInvokeSpecial(java.lang.Object, java.lang.Object, java.lang.Object, java.lang.Object, java.lang.Object)'> (0x00000000c7a672f8) 
thrown [s\open\src\hotspot\share\interpreter\linkResolver.cpp, line 773]
Event: 0.748 Thread 0x00000255190f03f0 Exception <a 'java/lang/NoSuchMethodError'{0x00000000c790d7d8}: 'java.lang.Object java.lang.invoke.DirectMethodHandle$Holder.invokeStatic(java.lang.Object, int, java.lang.Object)'> (0x00000000c790d7d8) 
thrown [s\open\src\hotspot\share\interpreter\linkResolver.cpp, line 773]
Event: 0.768 Thread 0x00000254d3af7cd0 Exception <a 'java/lang/NoSuchMethodError'{0x00000000c7abd1f0}: 'int java.lang.invoke.DirectMethodHandle$Holder.invokeSpecial(java.lang.Object, java.lang.Object, java.lang.Object)'> (0x00000000c7abd1f0) 
thrown [s\open\src\hotspot\share\interpreter\linkResolver.cpp, line 773]
Event: 0.803 Thread 0x00000255190f03f0 Exception <a 'java/lang/ClassNotFoundException'{0x00000000c79cc288}: com/sun/swing/internal/plaf/metal/resources/spi/metalProvider> (0x00000000c79cc288) 
thrown [s\open\src\hotspot\share\classfile\systemDictionary.cpp, line 305]
Event: 0.805 Thread 0x00000255190f03f0 Exception <a 'java/lang/ClassNotFoundException'{0x00000000c79d01e8}: com/sun/swing/internal/plaf/basic/resources/spi/basicProvider> (0x00000000c79d01e8) 
thrown [s\open\src\hotspot\share\classfile\systemDictionary.cpp, line 305]
Event: 0.817 Thread 0x00000254d3af7cd0 Exception <a 'java/lang/NoSuchMethodError'{0x00000000c7838ce8}: 'java.lang.Object java.lang.invoke.DirectMethodHandle$Holder.invokeStaticInit(java.lang.Object, java.lang.Object, java.lang.Object)'> (0x00000000c7838ce8) 
thrown [s\open\src\hotspot\share\interpreter\linkResolver.cpp, line 773]
Event: 0.824 Thread 0x00000255190f03f0 Exception <a 'java/lang/NoSuchMethodError'{0x00000000c787a240}: 'int java.lang.invoke.Invokers$Holder.invokeExact_MT(java.lang.Object, java.lang.Object)'> (0x00000000c787a240) 
thrown [s\open\src\hotspot\share\interpreter\linkResolver.cpp, line 773]
Event: 0.908 Thread 0x0000025519eb1840 Exception <a 'java/lang/NoSuchMethodError'{0x00000000c7544f90}: 'java.lang.Object java.lang.invoke.DirectMethodHandle$Holder.newInvokeSpecial(java.lang.Object, java.lang.Object, java.lang.Object, int, int, int, int, int)'> (0x00000000c7544f90) 
thrown [s\open\src\hotspot\share\interpreter\linkResolver.cpp, line 773]
Event: 1.026 Thread 0x00000254d3af7cd0 Exception <a 'java/lang/NoSuchMethodError'{0x00000000c72839b0}: 'java.lang.Object java.lang.invoke.DirectMethodHandle$Holder.invokeStaticInit(java.lang.Object, int, int, int, int)'> (0x00000000c72839b0) 
thrown [s\open\src\hotspot\share\interpreter\linkResolver.cpp, line 773]
Event: 1.088 Thread 0x00000254d3af7cd0 Exception <a 'java/lang/NoSuchMethodError'{0x00000000c72e4b80}: 'java.lang.Object java.lang.invoke.DirectMethodHandle$Holder.invokeStaticInit(java.lang.Object, java.lang.Object, int, int, int, int)'> (0x00000000c72e4b80) 
thrown [s\open\src\hotspot\share\interpreter\linkResolver.cpp, line 773]
Event: 1.128 Thread 0x00000254d3af7cd0 Exception <a 'java/lang/ClassNotFoundException'{0x00000000c7117cf8}: javax/management/remote/rmi/RMIServerImpl_Skel> (0x00000000c7117cf8) 
thrown [s\open\src\hotspot\share\classfile\systemDictionary.cpp, line 305]

VM Operations (20 events):
Event: 0.184 Executing VM operation: HandshakeAllThreads
Event: 0.184 Executing VM operation: HandshakeAllThreads done
Event: 0.289 Executing VM operation: HandshakeAllThreads
Event: 0.289 Executing VM operation: HandshakeAllThreads done
Event: 0.430 Executing VM operation: HandshakeAllThreads
Event: 0.430 Executing VM operation: HandshakeAllThreads done
Event: 0.514 Executing VM operation: HandshakeAllThreads
Event: 0.514 Executing VM operation: HandshakeAllThreads done
Event: 0.647 Executing VM operation: HandshakeAllThreads
Event: 0.647 Executing VM operation: HandshakeAllThreads done
Event: 0.647 Executing VM operation: HandshakeAllThreads
Event: 0.647 Executing VM operation: HandshakeAllThreads done
Event: 0.967 Executing VM operation: HandshakeAllThreads
Event: 0.967 Executing VM operation: HandshakeAllThreads done
Event: 1.007 Executing VM operation: HandshakeAllThreads
Event: 1.007 Executing VM operation: HandshakeAllThreads done
Event: 1.007 Executing VM operation: HandshakeAllThreads
Event: 1.007 Executing VM operation: HandshakeAllThreads done
Event: 1.030 Executing VM operation: ICBufferFull
Event: 1.030 Executing VM operation: ICBufferFull done

Events (20 events):
Event: 0.113 Thread 0x00000254b88803c0 Thread added: 0x00000254b88803c0
Event: 0.133 Thread 0x00000254d3af1dc0 Thread added: 0x00000254d3af1dc0
Event: 0.133 Thread 0x00000254d3af29c0 Thread added: 0x00000254d3af29c0
Event: 0.134 Thread 0x00000254d3af6380 Thread added: 0x00000254d3af6380
Event: 0.134 Thread 0x00000254d3af7cd0 Thread added: 0x00000254d3af7cd0
Event: 0.134 Thread 0x00000254d3af8610 Thread added: 0x00000254d3af8610
Event: 0.134 Thread 0x00000254d3af9080 Thread added: 0x00000254d3af9080
Event: 0.134 Thread 0x00000254d3b05330 Thread added: 0x00000254d3b05330
Event: 0.135 Thread 0x00000254d3b290f0 Thread added: 0x00000254d3b290f0
Event: 0.173 Thread 0x00000254d3ac1ea0 Thread added: 0x00000254d3ac1ea0
Event: 0.284 Thread 0x0000025518f91b20 Thread added: 0x0000025518f91b20
Event: 0.284 Thread 0x0000025518ec57c0 Thread added: 0x0000025518ec57c0
Event: 0.503 Thread 0x0000025519044ee0 Thread added: 0x0000025519044ee0
Event: 0.507 Thread 0x000002551907d4e0 Thread added: 0x000002551907d4e0
Event: 0.510 Thread 0x000002551907deb0 Thread added: 0x000002551907deb0
Event: 0.580 Thread 0x00000255190f03f0 Thread added: 0x00000255190f03f0
Event: 0.581 Thread 0x00000254b88803c0 Thread exited: 0x00000254b88803c0
Event: 0.581 Thread 0x00000254b88803c0 Thread added: 0x00000254b88803c0
Event: 0.839 Thread 0x0000025519eb1840 Thread added: 0x0000025519eb1840
Event: 1.144 Thread 0x0000025519e298f0 Thread added: 0x0000025519e298f0


Dynamic libraries:
0x00007ff781760000 - 0x00007ff781770000 	C:\Program Files\Java\jdk-20\bin\java.exe
0x00007ffbab030000 - 0x00007ffbab247000 	C:\WINDOWS\SYSTEM32\ntdll.dll
0x00007ffbaa640000 - 0x00007ffbaa704000 	C:\WINDOWS\System32\KERNEL32.DLL
0x00007ffba8600000 - 0x00007ffba89ba000 	C:\WINDOWS\System32\KERNELBASE.dll
0x00007ffba8310000 - 0x00007ffba8421000 	C:\WINDOWS\System32\ucrtbase.dll
0x00007ffba0e30000 - 0x00007ffba0e4b000 	C:\Program Files\Java\jdk-20\bin\VCRUNTIME140.dll
0x00007ffba0e00000 - 0x00007ffba0e19000 	C:\Program Files\Java\jdk-20\bin\jli.dll
0x00007ffbaac60000 - 0x00007ffbaad12000 	C:\WINDOWS\System32\ADVAPI32.dll
0x00007ffbaaf40000 - 0x00007ffbaafe7000 	C:\WINDOWS\System32\msvcrt.dll
0x00007ffba99a0000 - 0x00007ffba9a47000 	C:\WINDOWS\System32\sechost.dll
0x00007ffba85d0000 - 0x00007ffba85f8000 	C:\WINDOWS\System32\bcrypt.dll
0x00007ffba8fb0000 - 0x00007ffba90c4000 	C:\WINDOWS\System32\RPCRT4.dll
0x00007ffbaa720000 - 0x00007ffbaa8ce000 	C:\WINDOWS\System32\USER32.dll
0x00007ffba8ba0000 - 0x00007ffba8bc6000 	C:\WINDOWS\System32\win32u.dll
0x00007ffb90220000 - 0x00007ffb904b2000 	C:\WINDOWS\WinSxS\amd64_microsoft.windows.common-controls_6595b64144ccf1df_6.0.22621.4541_none_2710d1c57384c085\COMCTL32.dll
0x00007ffbaaae0000 - 0x00007ffbaab09000 	C:\WINDOWS\System32\GDI32.dll
0x00007ffba8430000 - 0x00007ffba854b000 	C:\WINDOWS\System32\gdi32full.dll
0x00007ffba89c0000 - 0x00007ffba8a5a000 	C:\WINDOWS\System32\msvcp_win.dll
0x00007ffb9b900000 - 0x00007ffb9b90a000 	C:\WINDOWS\SYSTEM32\VERSION.dll
0x00007ffbaaed0000 - 0x00007ffbaaf01000 	C:\WINDOWS\System32\IMM32.DLL
0x00007ffba0df0000 - 0x00007ffba0dfc000 	C:\Program Files\Java\jdk-20\bin\vcruntime140_1.dll
0x00007ffb9e210000 - 0x00007ffb9e29e000 	C:\Program Files\Java\jdk-20\bin\msvcp140.dll
0x00007ffb22300000 - 0x00007ffb22f98000 	C:\Program Files\Java\jdk-20\bin\server\jvm.dll
0x00007ffba06f0000 - 0x00007ffba0724000 	C:\WINDOWS\SYSTEM32\WINMM.dll
0x00007ffb8f910000 - 0x00007ffb8f919000 	C:\WINDOWS\SYSTEM32\WSOCK32.dll
0x00007ffba8f30000 - 0x00007ffba8fa1000 	C:\WINDOWS\System32\WS2_32.dll
0x00007ffba7320000 - 0x00007ffba7338000 	C:\WINDOWS\SYSTEM32\kernel.appcore.dll
0x00007ffba0200000 - 0x00007ffba020a000 	C:\Program Files\Java\jdk-20\bin\jimage.dll
0x00007ffba2b60000 - 0x00007ffba2d92000 	C:\WINDOWS\SYSTEM32\DBGHELP.DLL
0x00007ffbaa1f0000 - 0x00007ffbaa57f000 	C:\WINDOWS\System32\combase.dll
0x00007ffba8d40000 - 0x00007ffba8e17000 	C:\WINDOWS\System32\OLEAUT32.dll
0x00007ffb7d8c0000 - 0x00007ffb7d8f2000 	C:\WINDOWS\SYSTEM32\dbgcore.DLL
0x00007ffba8550000 - 0x00007ffba85cb000 	C:\WINDOWS\System32\bcryptPrimitives.dll
0x00007ffb9fdd0000 - 0x00007ffb9fdde000 	C:\Program Files\Java\jdk-20\bin\instrument.dll
0x00007ffb9e1e0000 - 0x00007ffb9e206000 	C:\Program Files\Java\jdk-20\bin\java.dll
0x00007ffb93ad0000 - 0x00007ffb93ba7000 	C:\Program Files\Java\jdk-20\bin\jsvml.dll
0x00007ffba90d0000 - 0x00007ffba9948000 	C:\WINDOWS\System32\SHELL32.dll
0x00007ffba6200000 - 0x00007ffba6b08000 	C:\WINDOWS\SYSTEM32\windows.storage.dll
0x00007ffba60c0000 - 0x00007ffba61ff000 	C:\WINDOWS\SYSTEM32\wintypes.dll
0x00007ffba8e30000 - 0x00007ffba8f2a000 	C:\WINDOWS\System32\SHCORE.dll
0x00007ffbaab70000 - 0x00007ffbaabce000 	C:\WINDOWS\System32\shlwapi.dll
0x00007ffba8240000 - 0x00007ffba826b000 	C:\WINDOWS\SYSTEM32\profapi.dll
0x00007ffb9e180000 - 0x00007ffb9e198000 	C:\Program Files\Java\jdk-20\bin\zip.dll
0x00007ffb9e1c0000 - 0x00007ffb9e1d3000 	C:\Program Files\Java\jdk-20\bin\net.dll
0x00007ffba1850000 - 0x00007ffba1986000 	C:\WINDOWS\SYSTEM32\WINHTTP.dll
0x00007ffba77d0000 - 0x00007ffba7839000 	C:\WINDOWS\system32\mswsock.dll
0x00007ffb9e1a0000 - 0x00007ffb9e1b6000 	C:\Program Files\Java\jdk-20\bin\nio.dll
0x00007ffb93a10000 - 0x00007ffb93a2a000 	C:\Program Files\JetBrains\IntelliJ IDEA 2024.3\bin\breakgen64.dll
0x00007ffb9fdc0000 - 0x00007ffb9fdc7000 	C:\Program Files\Java\jdk-20\bin\extnet.dll
0x00007ffb774c0000 - 0x00007ffb77651000 	C:\Program Files\Java\jdk-20\bin\awt.dll
0x00007ffb9fe40000 - 0x00007ffb9fed7000 	C:\WINDOWS\SYSTEM32\apphelp.dll
0x00007ffba21b0000 - 0x00007ffba2261000 	C:\WINDOWS\system32\uxtheme.dll
0x00007ffbaa950000 - 0x00007ffbaaab1000 	C:\WINDOWS\System32\MSCTF.dll
0x00007ffbaad20000 - 0x00007ffbaaec5000 	C:\WINDOWS\System32\ole32.dll
0x00007ffba6e30000 - 0x00007ffba6f32000 	C:\WINDOWS\SYSTEM32\DNSAPI.dll
0x00007ffba6db0000 - 0x00007ffba6ddd000 	C:\WINDOWS\SYSTEM32\IPHLPAPI.DLL
0x00007ffbaa630000 - 0x00007ffbaa639000 	C:\WINDOWS\System32\NSI.dll
0x00007ffba0990000 - 0x00007ffba099a000 	C:\Windows\System32\rasadhlp.dll
0x00007ffba0040000 - 0x00007ffba00c3000 	C:\WINDOWS\System32\fwpuclnt.dll
0x00007ffba25f0000 - 0x00007ffba261b000 	C:\WINDOWS\system32\DWMAPI.DLL
0x00007ffb84f90000 - 0x00007ffb85090000 	C:\WINDOWS\system32\opengl32.dll
0x00007ffb85cd0000 - 0x00007ffb85cfd000 	C:\WINDOWS\SYSTEM32\GLU32.dll
0x00007ffba24a0000 - 0x00007ffba24d7000 	C:\WINDOWS\SYSTEM32\dxcore.dll
0x00007ffb9fb10000 - 0x00007ffb9fb1a000 	C:\Program Files\Java\jdk-20\bin\management.dll
0x00007ffb9e170000 - 0x00007ffb9e17b000 	C:\Program Files\Java\jdk-20\bin\management_ext.dll
0x00007ffba8e20000 - 0x00007ffba8e28000 	C:\WINDOWS\System32\PSAPI.DLL
0x00007ffba7a20000 - 0x00007ffba7a3b000 	C:\WINDOWS\SYSTEM32\CRYPTSP.dll
0x00007ffba7280000 - 0x00007ffba72b5000 	C:\WINDOWS\system32\rsaenh.dll
0x00007ffba78c0000 - 0x00007ffba78e8000 	C:\WINDOWS\SYSTEM32\USERENV.dll
0x00007ffba7fe0000 - 0x00007ffba7fec000 	C:\WINDOWS\SYSTEM32\CRYPTBASE.dll
0x00007ffba09a0000 - 0x00007ffba09b9000 	C:\WINDOWS\SYSTEM32\dhcpcsvc6.DLL
0x00007ffba0920000 - 0x00007ffba093f000 	C:\WINDOWS\SYSTEM32\dhcpcsvc.DLL
0x00007ffb89c00000 - 0x00007ffb89c17000 	C:\WINDOWS\system32\napinsp.dll
0x00007ffb89aa0000 - 0x00007ffb89abb000 	C:\WINDOWS\system32\pnrpnsp.dll
0x00007ffb89a80000 - 0x00007ffb89a91000 	C:\WINDOWS\System32\winrnr.dll
0x00007ffb89a60000 - 0x00007ffb89a75000 	C:\WINDOWS\system32\wshbth.dll
0x00007ffb89a30000 - 0x00007ffb89a57000 	C:\WINDOWS\system32\nlansp_c.dll
0x00007ffb85590000 - 0x00007ffb85616000 	C:\Program Files\Java\jdk-20\bin\freetype.dll
0x00007ffb81af0000 - 0x00007ffb81bc3000 	C:\Program Files\Java\jdk-20\bin\fontmanager.dll

dbghelp: loaded successfully - version: 4.0.5 - missing functions: none
symbol engine: initialized successfully - sym options: 0x614 - pdb path: .;C:\Program Files\Java\jdk-20\bin;C:\WINDOWS\SYSTEM32;C:\WINDOWS\WinSxS\amd64_microsoft.windows.common-controls_6595b64144ccf1df_6.0.22621.4541_none_2710d1c57384c085;C:\Program Files\Java\jdk-20\bin\server;C:\Program Files\JetBrains\IntelliJ IDEA 2024.3\bin

VM Arguments:
jvm_args: -javaagent:C:\Program Files\JetBrains\IntelliJ IDEA 2024.3\lib\idea_rt.jar=61414:C:\Program Files\JetBrains\IntelliJ IDEA 2024.3\bin -Dfile.encoding=UTF-8 -Dsun.stdout.encoding=UTF-8 -Dsun.stderr.encoding=UTF-8 
java_command: Cus_ProductListPage
java_class_path (initial): C:\Users\ASUS\IdeaProjects\ProyekUAS_PBOL_SEM3\target\classes;C:\Users\ASUS\.m2\repository\org\openjfx\javafx-controls\17.0.2\javafx-controls-17.0.2.jar;C:\Users\ASUS\.m2\repository\org\openjfx\javafx-controls\17.0.2\javafx-controls-17.0.2-win.jar;C:\Users\ASUS\.m2\repository\org\openjfx\javafx-graphics\17.0.2\javafx-graphics-17.0.2.jar;C:\Users\ASUS\.m2\repository\org\openjfx\javafx-graphics\17.0.2\javafx-graphics-17.0.2-win.jar;C:\Users\ASUS\.m2\repository\org\openjfx\javafx-base\17.0.2\javafx-base-17.0.2.jar;C:\Users\ASUS\.m2\repository\org\openjfx\javafx-base\17.0.2\javafx-base-17.0.2-win.jar;C:\Users\ASUS\.m2\repository\org\openjfx\javafx-fxml\17.0.2\javafx-fxml-17.0.2.jar;C:\Users\ASUS\.m2\repository\org\openjfx\javafx-fxml\17.0.2\javafx-fxml-17.0.2-win.jar
Launcher Type: SUN_STANDARD

[Global flags]
     intx CICompilerCount                          = 4                                         {product} {ergonomic}
     uint ConcGCThreads                            = 2                                         {product} {ergonomic}
     uint G1ConcRefinementThreads                  = 8                                         {product} {ergonomic}
   size_t G1HeapRegionSize                         = 1048576                                   {product} {ergonomic}
    uintx GCDrainStackTargetSize                   = 64                                        {product} {ergonomic}
   size_t InitialHeapSize                          = 62914560                                  {product} {ergonomic}
   size_t MarkStackSize                            = 4194304                                   {product} {ergonomic}
   size_t MaxHeapSize                              = 1000341504                                {product} {ergonomic}
   size_t MaxNewSize                               = 599785472                                 {product} {ergonomic}
   size_t MinHeapDeltaBytes                        = 1048576                                   {product} {ergonomic}
   size_t MinHeapSize                              = 8388608                                   {product} {ergonomic}
    uintx NonNMethodCodeHeapSize                   = 5839372                                {pd product} {ergonomic}
    uintx NonProfiledCodeHeapSize                  = 122909434                              {pd product} {ergonomic}
    uintx ProfiledCodeHeapSize                     = 122909434                              {pd product} {ergonomic}
    uintx ReservedCodeCacheSize                    = 251658240                              {pd product} {ergonomic}
     bool SegmentedCodeCache                       = true                                      {product} {ergonomic}
   size_t SoftMaxHeapSize                          = 1000341504                             {manageable} {ergonomic}
     bool UseCompressedClassPointers               = true                           {product lp64_product} {ergonomic}
     bool UseCompressedOops                        = true                           {product lp64_product} {ergonomic}
     bool UseG1GC                                  = true                                      {product} {ergonomic}
     bool UseLargePagesIndividualAllocation        = false                                  {pd product} {ergonomic}

Logging:
Log output configuration:
 #0: stdout all=warning uptime,level,tags foldmultilines=false
 #1: stderr all=off uptime,level,tags foldmultilines=false

Environment Variables:
PATH=C:\oraclexe\app\oracle\product\11.2.0\server\bin;;C:\Users\ASUS\AppData\Local\Programs\Python\Python311\Scripts\;C:\Users\ASUS\AppData\Local\Programs\Python\Python311\;C:\Program Files\Common Files\Oracle\Java\javapath;C:\Program Files (x86)\Common Files\Oracle\Java\javapath;C:\WINDOWS\system32;C:\WINDOWS;C:\WINDOWS\System32\Wbem;C:\WINDOWS\System32\WindowsPowerShell\v1.0\;C:\WINDOWS\System32\OpenSSH\;C:\Program Files\nodejs\;C:\ProgramData\chocolatey\bin;C:\Program Files\Docker\Docker\resources\bin;C:\Program Files\Go\bin;C:\Program Files\Git\cmd;C:\Users\ASUS\AppData\Local\Programs\Python\Python312\Scripts\;C:\Users\ASUS\AppData\Local\Programs\Python\Python312\;C:\Users\ASUS\AppData\Local\Programs\Python\Python311\Scripts\;C:\Users\ASUS\AppData\Local\Programs\Python\Python311\;C:\Users\ASUS\AppData\Local\Microsoft\WindowsApps;C:\Users\ASUS\AppData\Local\JetBrains\PyCharm 2023.1.3\bin;C:\Program Files\JetBrains\PyCharm Community Edition 2023.1.3\bin;C:\msys64\mingw64\bin;C:\Users\ASUS\AppData\Roaming\npm;C:\Users\ASUS\OneDrive\Desktop\sample\website\JavaScript\flutter\bin;C:\Users\ASUS\go\bin;C:\ghcup\bin;C:\Users\ASUS\AppData\Local\Programs\Microsoft VS Code\bin;C:\php;
USERNAME=ASUS
OS=Windows_NT
PROCESSOR_IDENTIFIER=Intel64 Family 6 Model 142 Stepping 12, GenuineIntel
TMP=C:\Users\ASUS\AppData\Local\Temp
TEMP=C:\Users\ASUS\AppData\Local\Temp




---------------  S Y S T E M  ---------------

OS:
 Windows 11 , 64 bit Build 22621 (10.0.22621.4391)
OS uptime: 1 days 2:22 hours
Hyper-V role detected

CPU: total 8 (initial active 8) (4 cores per cpu, 2 threads per core) family 6 model 142 stepping 12 microcode 0xde, cx8, cmov, fxsr, ht, mmx, 3dnowpref, sse, sse2, sse3, ssse3, sse4.1, sse4.2, popcnt, lzcnt, tsc, tscinvbit, avx, avx2, aes, erms, clmul, bmi1, bmi2, adx, fma, vzeroupper, clflush, clflushopt, hv, rdtscp, f16c

Memory: 4k page, system-wide physical 3810M (111M free)
TotalPageFile size 15586M (AvailPageFile size 0M)
current process WorkingSet (physical memory assigned to process): 82M, peak: 82M
current process commit charge ("private bytes"): 164M, peak: 164M

vm_info: Java HotSpot(TM) 64-Bit Server VM (20.0.2+9-78) for windows-amd64 JRE (20.0.2+9-78), built on 2023-06-14T10:08:48Z by "mach5one" with MS VC++ 17.1 (VS2022)

END.
