#
# There is insufficient memory for the Java Runtime Environment to continue.
# Native memory allocation (malloc) failed to allocate 206896 bytes for Chunk::new
# Possible reasons:
#   The system is out of physical RAM or swap space
#   The process is running with CompressedOops enabled, and the Java Heap may be blocking the growth of the native heap
# Possible solutions:
#   Reduce memory load on the system
#   Increase physical memory or swap space
#   Check if swap backing store is full
#   Decrease Java heap size (-Xmx/-Xms)
#   Decrease number of Java threads
#   Decrease Java thread stack sizes (-Xss)
#   Set larger code cache with -XX:ReservedCodeCacheSize=
#   JVM is running with Unscaled Compressed Oops mode in which the Java heap is
#     placed in the first 4GB address space. The Java Heap base address is the
#     maximum limit for the native heap growth. Please use -XX:HeapBaseMinAddress
#     to set the Java Heap base and to place the Java Heap above 4GB virtual address.
# This output file may be truncated or incomplete.
#
#  Out of Memory Error (arena.cpp:184), pid=19908, tid=3080
#
# JRE version: Java(TM) SE Runtime Environment (20.0.2+9) (build 20.0.2+9-78)
# Java VM: Java HotSpot(TM) 64-Bit Server VM (20.0.2+9-78, mixed mode, sharing, tiered, compressed oops, compressed class ptrs, g1 gc, windows-amd64)
# No core dump will be written. Minidumps are not enabled by default on client versions of Windows
#

---------------  S U M M A R Y ------------

Command Line: -javaagent:C:\Program Files\JetBrains\IntelliJ IDEA 2024.3\lib\idea_rt.jar=52946:C:\Program Files\JetBrains\IntelliJ IDEA 2024.3\bin -Dfile.encoding=UTF-8 -Dsun.stdout.encoding=UTF-8 -Dsun.stderr.encoding=UTF-8 LoginPagePanel

Host: Intel(R) Core(TM) i7-8565U CPU @ 1.80GHz, 8 cores, 3G,  Windows 11 , 64 bit Build 22621 (10.0.22621.4391)
Time: Thu Nov 28 10:34:18 2024 SE Asia Standard Time elapsed time: 0.695380 seconds (0d 0h 0m 0s)

---------------  T H R E A D  ---------------

Current thread (0x000001e9f8888420):  JavaThread "C2 CompilerThread0" daemon [_thread_in_native, id=3080, stack(0x00000024e2700000,0x00000024e2800000)]


Current CompileTask:
C2:    695  870       4       jdk.internal.util.xml.impl.Parser::step (891 bytes)

Stack: [0x00000024e2700000,0x00000024e2800000]
Native frames: (J=compiled Java code, j=interpreted, Vv=VM code, C=native code)
V  [jvm.dll+0x6bc25a]
V  [jvm.dll+0x84971a]
V  [jvm.dll+0x84b315]
V  [jvm.dll+0x84ba13]
V  [jvm.dll+0x280e4f]
V  [jvm.dll+0xc2ab1]
V  [jvm.dll+0xc2dd5]
V  [jvm.dll+0x3bb612]
V  [jvm.dll+0x1e6b8b]
V  [jvm.dll+0x24b67b]
V  [jvm.dll+0x24a921]
V  [jvm.dll+0x1ce761]
V  [jvm.dll+0x25a0eb]
V  [jvm.dll+0x2587c0]
V  [jvm.dll+0x3f2dd5]
V  [jvm.dll+0x7f5c76]
V  [jvm.dll+0x6baecb]
C  [ucrtbase.dll+0x29333]
C  [KERNEL32.DLL+0x1259d]
C  [ntdll.dll+0x5af38]


---------------  P R O C E S S  ---------------

Threads class SMR info:
_java_thread_list=0x000001e9fd3cc260, length=18, elements={
0x000001e9f886c150, 0x000001e9f886cf50, 0x000001e9f88700f0, 0x000001e9f8873eb0,
0x000001e9f8874e80, 0x000001e9f8881920, 0x000001e9f8888420, 0x000001e9f8888ae0,
0x000001e9fcc74350, 0x000001e9fcc748a0, 0x000001e9fcc72e10, 0x000001e9fcc74df0,
0x000001e9fcc73e00, 0x000001e9fcc75340, 0x000001e9fcc75890, 0x000001e9fcc72370,
0x000001e9fd43a1d0, 0x000001e9fcc728c0
}

Java Threads: ( => current thread )
  0x000001e9f886c150 JavaThread "Reference Handler" daemon [_thread_blocked, id=17772, stack(0x00000024e2100000,0x00000024e2200000)]
  0x000001e9f886cf50 JavaThread "Finalizer" daemon [_thread_blocked, id=10380, stack(0x00000024e2200000,0x00000024e2300000)]
  0x000001e9f88700f0 JavaThread "Signal Dispatcher" daemon [_thread_blocked, id=17432, stack(0x00000024e2300000,0x00000024e2400000)]
  0x000001e9f8873eb0 JavaThread "Attach Listener" daemon [_thread_in_vm, id=18212, stack(0x00000024e2400000,0x00000024e2500000)]
  0x000001e9f8874e80 JavaThread "Service Thread" daemon [_thread_blocked, id=21380, stack(0x00000024e2500000,0x00000024e2600000)]
  0x000001e9f8881920 JavaThread "Monitor Deflation Thread" daemon [_thread_blocked, id=19920, stack(0x00000024e2600000,0x00000024e2700000)]
=>0x000001e9f8888420 JavaThread "C2 CompilerThread0" daemon [_thread_in_native, id=3080, stack(0x00000024e2700000,0x00000024e2800000)]
  0x000001e9f8888ae0 JavaThread "C1 CompilerThread0" daemon [_thread_in_native, id=7192, stack(0x00000024e2800000,0x00000024e2900000)]
  0x000001e9fcc74350 JavaThread "Common-Cleaner" daemon [_thread_blocked, id=18636, stack(0x00000024e2900000,0x00000024e2a00000)]
  0x000001e9fcc748a0 JavaThread "Monitor Ctrl-Break" daemon [_thread_in_native, id=12252, stack(0x00000024e2a00000,0x00000024e2b00000)]
  0x000001e9fcc72e10 JavaThread "Notification Thread" daemon [_thread_blocked, id=17200, stack(0x00000024e2b00000,0x00000024e2c00000)]
  0x000001e9fcc74df0 JavaThread "Java2D Disposer" daemon [_thread_blocked, id=18604, stack(0x00000024e2e00000,0x00000024e2f00000)]
  0x000001e9fcc73e00 JavaThread "AWT-Shutdown" [_thread_blocked, id=16976, stack(0x00000024e2f00000,0x00000024e3000000)]
  0x000001e9fcc75340 JavaThread "AWT-Windows" daemon [_thread_in_native, id=17888, stack(0x00000024e3000000,0x00000024e3100000)]
  0x000001e9fcc75890 JavaThread "AWT-EventQueue-0" [_thread_blocked, id=18128, stack(0x00000024e2d00000,0x00000024e2e00000)]
  0x000001e9fcc72370 JavaThread "DestroyJavaVM" [_thread_blocked, id=20792, stack(0x00000024e1a00000,0x00000024e1b00000)]
  0x000001e9fd43a1d0 JavaThread "C2 CompilerThread1" daemon [_thread_in_native, id=9460, stack(0x00000024e3100000,0x00000024e3200000)]
  0x000001e9fcc728c0 JavaThread "Image Fetcher 0" daemon [_thread_in_Java, id=15728, stack(0x00000024e3200000,0x00000024e3300000)]

Other Threads:
  0x000001e9f8852650 VMThread "VM Thread" [stack: 0x00000024e2000000,0x00000024e2100000] [id=18880]
  0x000001e9fce988c0 WatcherThread "VM Periodic Task Thread" [stack: 0x00000024e2c00000,0x00000024e2d00000] [id=4612]
  0x000001e9dd6503b0 WorkerThread "GC Thread#0" [stack: 0x00000024e1b00000,0x00000024e1c00000] [id=20356]
  0x000001e9dd6591b0 ConcurrentGCThread "G1 Main Marker" [stack: 0x00000024e1c00000,0x00000024e1d00000] [id=16832]
  0x000001e9dd659be0 WorkerThread "G1 Conc#0" [stack: 0x00000024e1d00000,0x00000024e1e00000] [id=17892]
  0x000001e9dd6c2d50 ConcurrentGCThread "G1 Refine#0" [stack: 0x00000024e1e00000,0x00000024e1f00000] [id=16864]
  0x000001e9dd6c4b20 ConcurrentGCThread "G1 Service" [stack: 0x00000024e1f00000,0x00000024e2000000] [id=2772]

Threads with active compile tasks:
C2 CompilerThread0      748  870       4       jdk.internal.util.xml.impl.Parser::step (891 bytes)
C1 CompilerThread0      748 1056       3       sun.util.locale.InternalLocaleBuilder::clearExtensions (50 bytes)
C2 CompilerThread1      748 1021       4       java.util.regex.Matcher::search (154 bytes)

VM state: not at safepoint (normal execution)

VM Mutex/Monitor currently owned by a thread: None

Heap address: 0x00000000c4600000, size: 954 MB, Compressed Oops mode: 32-bit

CDS archive(s) mapped at: [0x000001e980000000-0x000001e980c60000-0x000001e980c60000), size 12976128, SharedBaseAddress: 0x000001e980000000, ArchiveRelocationMode: 1.
Compressed class space mapped at: 0x000001e981000000-0x000001e9c1000000, reserved size: 1073741824
Narrow klass base: 0x000001e980000000, Narrow klass shift: 0, Narrow klass range: 0x100000000

GC Precious Log:
 CardTable entry size: 512
 Card Set container configuration: InlinePtr #cards 5 size 8 Array Of Cards #cards 12 size 40 Howl #buckets 4 coarsen threshold 1843 Howl Bitmap #cards 512 size 80 coarsen threshold 460 Card regions per heap region 1 cards per card region 2048
 CPUs: 8 total, 8 available
 Memory: 3810M
 Large Page Support: Disabled
 NUMA Support: Disabled
 Compressed Oops: Enabled (32-bit)
 Heap Region Size: 1M
 Heap Min Capacity: 8M
 Heap Initial Capacity: 60M
 Heap Max Capacity: 954M
 Pre-touch: Disabled
 Parallel Workers: 8
 Concurrent Workers: 2
 Concurrent Refinement Workers: 8
 Periodic GC: Disabled

Heap:
 garbage-first heap   total 61440K, used 12288K [0x00000000c4600000, 0x0000000100000000)
  region size 1024K, 13 young (13312K), 0 survivors (0K)
 Metaspace       used 8611K, committed 8832K, reserved 1114112K
  class space    used 945K, committed 1024K, reserved 1048576K

Heap Regions: E=young(eden), S=young(survivor), O=old, HS=humongous(starts), HC=humongous(continues), CS=collection set, F=free, OA=open archive, CA=closed archive, TAMS=top-at-mark-start, PB=parsable bottom
|   0|0x00000000c4600000, 0x00000000c4600000, 0x00000000c4700000|  0%| F|  |TAMS 0x00000000c4600000| PB 0x00000000c4600000| Untracked 
|   1|0x00000000c4700000, 0x00000000c4700000, 0x00000000c4800000|  0%| F|  |TAMS 0x00000000c4700000| PB 0x00000000c4700000| Untracked 
|   2|0x00000000c4800000, 0x00000000c4800000, 0x00000000c4900000|  0%| F|  |TAMS 0x00000000c4800000| PB 0x00000000c4800000| Untracked 
|   3|0x00000000c4900000, 0x00000000c4900000, 0x00000000c4a00000|  0%| F|  |TAMS 0x00000000c4900000| PB 0x00000000c4900000| Untracked 
|   4|0x00000000c4a00000, 0x00000000c4a00000, 0x00000000c4b00000|  0%| F|  |TAMS 0x00000000c4a00000| PB 0x00000000c4a00000| Untracked 
|   5|0x00000000c4b00000, 0x00000000c4b00000, 0x00000000c4c00000|  0%| F|  |TAMS 0x00000000c4b00000| PB 0x00000000c4b00000| Untracked 
|   6|0x00000000c4c00000, 0x00000000c4c00000, 0x00000000c4d00000|  0%| F|  |TAMS 0x00000000c4c00000| PB 0x00000000c4c00000| Untracked 
|   7|0x00000000c4d00000, 0x00000000c4d00000, 0x00000000c4e00000|  0%| F|  |TAMS 0x00000000c4d00000| PB 0x00000000c4d00000| Untracked 
|   8|0x00000000c4e00000, 0x00000000c4e00000, 0x00000000c4f00000|  0%| F|  |TAMS 0x00000000c4e00000| PB 0x00000000c4e00000| Untracked 
|   9|0x00000000c4f00000, 0x00000000c4f00000, 0x00000000c5000000|  0%| F|  |TAMS 0x00000000c4f00000| PB 0x00000000c4f00000| Untracked 
|  10|0x00000000c5000000, 0x00000000c5000000, 0x00000000c5100000|  0%| F|  |TAMS 0x00000000c5000000| PB 0x00000000c5000000| Untracked 
|  11|0x00000000c5100000, 0x00000000c5100000, 0x00000000c5200000|  0%| F|  |TAMS 0x00000000c5100000| PB 0x00000000c5100000| Untracked 
|  12|0x00000000c5200000, 0x00000000c5200000, 0x00000000c5300000|  0%| F|  |TAMS 0x00000000c5200000| PB 0x00000000c5200000| Untracked 
|  13|0x00000000c5300000, 0x00000000c5300000, 0x00000000c5400000|  0%| F|  |TAMS 0x00000000c5300000| PB 0x00000000c5300000| Untracked 
|  14|0x00000000c5400000, 0x00000000c5400000, 0x00000000c5500000|  0%| F|  |TAMS 0x00000000c5400000| PB 0x00000000c5400000| Untracked 
|  15|0x00000000c5500000, 0x00000000c5500000, 0x00000000c5600000|  0%| F|  |TAMS 0x00000000c5500000| PB 0x00000000c5500000| Untracked 
|  16|0x00000000c5600000, 0x00000000c5600000, 0x00000000c5700000|  0%| F|  |TAMS 0x00000000c5600000| PB 0x00000000c5600000| Untracked 
|  17|0x00000000c5700000, 0x00000000c5700000, 0x00000000c5800000|  0%| F|  |TAMS 0x00000000c5700000| PB 0x00000000c5700000| Untracked 
|  18|0x00000000c5800000, 0x00000000c5800000, 0x00000000c5900000|  0%| F|  |TAMS 0x00000000c5800000| PB 0x00000000c5800000| Untracked 
|  19|0x00000000c5900000, 0x00000000c5900000, 0x00000000c5a00000|  0%| F|  |TAMS 0x00000000c5900000| PB 0x00000000c5900000| Untracked 
|  20|0x00000000c5a00000, 0x00000000c5a00000, 0x00000000c5b00000|  0%| F|  |TAMS 0x00000000c5a00000| PB 0x00000000c5a00000| Untracked 
|  21|0x00000000c5b00000, 0x00000000c5b00000, 0x00000000c5c00000|  0%| F|  |TAMS 0x00000000c5b00000| PB 0x00000000c5b00000| Untracked 
|  22|0x00000000c5c00000, 0x00000000c5c00000, 0x00000000c5d00000|  0%| F|  |TAMS 0x00000000c5c00000| PB 0x00000000c5c00000| Untracked 
|  23|0x00000000c5d00000, 0x00000000c5d00000, 0x00000000c5e00000|  0%| F|  |TAMS 0x00000000c5d00000| PB 0x00000000c5d00000| Untracked 
|  24|0x00000000c5e00000, 0x00000000c5e00000, 0x00000000c5f00000|  0%| F|  |TAMS 0x00000000c5e00000| PB 0x00000000c5e00000| Untracked 
|  25|0x00000000c5f00000, 0x00000000c5f00000, 0x00000000c6000000|  0%| F|  |TAMS 0x00000000c5f00000| PB 0x00000000c5f00000| Untracked 
|  26|0x00000000c6000000, 0x00000000c6000000, 0x00000000c6100000|  0%| F|  |TAMS 0x00000000c6000000| PB 0x00000000c6000000| Untracked 
|  27|0x00000000c6100000, 0x00000000c6100000, 0x00000000c6200000|  0%| F|  |TAMS 0x00000000c6100000| PB 0x00000000c6100000| Untracked 
|  28|0x00000000c6200000, 0x00000000c6200000, 0x00000000c6300000|  0%| F|  |TAMS 0x00000000c6200000| PB 0x00000000c6200000| Untracked 
|  29|0x00000000c6300000, 0x00000000c6300000, 0x00000000c6400000|  0%| F|  |TAMS 0x00000000c6300000| PB 0x00000000c6300000| Untracked 
|  30|0x00000000c6400000, 0x00000000c6400000, 0x00000000c6500000|  0%| F|  |TAMS 0x00000000c6400000| PB 0x00000000c6400000| Untracked 
|  31|0x00000000c6500000, 0x00000000c6500000, 0x00000000c6600000|  0%| F|  |TAMS 0x00000000c6500000| PB 0x00000000c6500000| Untracked 
|  32|0x00000000c6600000, 0x00000000c6600000, 0x00000000c6700000|  0%| F|  |TAMS 0x00000000c6600000| PB 0x00000000c6600000| Untracked 
|  33|0x00000000c6700000, 0x00000000c6700000, 0x00000000c6800000|  0%| F|  |TAMS 0x00000000c6700000| PB 0x00000000c6700000| Untracked 
|  34|0x00000000c6800000, 0x00000000c6800000, 0x00000000c6900000|  0%| F|  |TAMS 0x00000000c6800000| PB 0x00000000c6800000| Untracked 
|  35|0x00000000c6900000, 0x00000000c6900000, 0x00000000c6a00000|  0%| F|  |TAMS 0x00000000c6900000| PB 0x00000000c6900000| Untracked 
|  36|0x00000000c6a00000, 0x00000000c6a00000, 0x00000000c6b00000|  0%| F|  |TAMS 0x00000000c6a00000| PB 0x00000000c6a00000| Untracked 
|  37|0x00000000c6b00000, 0x00000000c6b00000, 0x00000000c6c00000|  0%| F|  |TAMS 0x00000000c6b00000| PB 0x00000000c6b00000| Untracked 
|  38|0x00000000c6c00000, 0x00000000c6c00000, 0x00000000c6d00000|  0%| F|  |TAMS 0x00000000c6c00000| PB 0x00000000c6c00000| Untracked 
|  39|0x00000000c6d00000, 0x00000000c6d00000, 0x00000000c6e00000|  0%| F|  |TAMS 0x00000000c6d00000| PB 0x00000000c6d00000| Untracked 
|  40|0x00000000c6e00000, 0x00000000c6e00000, 0x00000000c6f00000|  0%| F|  |TAMS 0x00000000c6e00000| PB 0x00000000c6e00000| Untracked 
|  41|0x00000000c6f00000, 0x00000000c6f00000, 0x00000000c7000000|  0%| F|  |TAMS 0x00000000c6f00000| PB 0x00000000c6f00000| Untracked 
|  42|0x00000000c7000000, 0x00000000c7000000, 0x00000000c7100000|  0%| F|  |TAMS 0x00000000c7000000| PB 0x00000000c7000000| Untracked 
|  43|0x00000000c7100000, 0x00000000c7100000, 0x00000000c7200000|  0%| F|  |TAMS 0x00000000c7100000| PB 0x00000000c7100000| Untracked 
|  44|0x00000000c7200000, 0x00000000c7200000, 0x00000000c7300000|  0%| F|  |TAMS 0x00000000c7200000| PB 0x00000000c7200000| Untracked 
|  45|0x00000000c7300000, 0x00000000c7300000, 0x00000000c7400000|  0%| F|  |TAMS 0x00000000c7300000| PB 0x00000000c7300000| Untracked 
|  46|0x00000000c7400000, 0x00000000c7400000, 0x00000000c7500000|  0%| F|  |TAMS 0x00000000c7400000| PB 0x00000000c7400000| Untracked 
|  47|0x00000000c7500000, 0x00000000c7600000, 0x00000000c7600000|100%| E|  |TAMS 0x00000000c7500000| PB 0x00000000c7500000| Complete 
|  48|0x00000000c7600000, 0x00000000c7700000, 0x00000000c7700000|100%| E|CS|TAMS 0x00000000c7600000| PB 0x00000000c7600000| Complete 
|  49|0x00000000c7700000, 0x00000000c7800000, 0x00000000c7800000|100%| E|CS|TAMS 0x00000000c7700000| PB 0x00000000c7700000| Complete 
|  50|0x00000000c7800000, 0x00000000c7900000, 0x00000000c7900000|100%| E|CS|TAMS 0x00000000c7800000| PB 0x00000000c7800000| Complete 
|  51|0x00000000c7900000, 0x00000000c7a00000, 0x00000000c7a00000|100%| E|CS|TAMS 0x00000000c7900000| PB 0x00000000c7900000| Complete 
|  52|0x00000000c7a00000, 0x00000000c7b00000, 0x00000000c7b00000|100%| E|CS|TAMS 0x00000000c7a00000| PB 0x00000000c7a00000| Complete 
|  53|0x00000000c7b00000, 0x00000000c7c00000, 0x00000000c7c00000|100%| E|CS|TAMS 0x00000000c7b00000| PB 0x00000000c7b00000| Complete 
|  54|0x00000000c7c00000, 0x00000000c7d00000, 0x00000000c7d00000|100%| E|CS|TAMS 0x00000000c7c00000| PB 0x00000000c7c00000| Complete 
|  55|0x00000000c7d00000, 0x00000000c7e00000, 0x00000000c7e00000|100%| E|CS|TAMS 0x00000000c7d00000| PB 0x00000000c7d00000| Complete 
|  56|0x00000000c7e00000, 0x00000000c7f00000, 0x00000000c7f00000|100%| E|CS|TAMS 0x00000000c7e00000| PB 0x00000000c7e00000| Complete 
|  57|0x00000000c7f00000, 0x00000000c8000000, 0x00000000c8000000|100%| E|CS|TAMS 0x00000000c7f00000| PB 0x00000000c7f00000| Complete 
|  58|0x00000000c8000000, 0x00000000c8100000, 0x00000000c8100000|100%| E|CS|TAMS 0x00000000c8000000| PB 0x00000000c8000000| Complete 
|  59|0x00000000c8100000, 0x00000000c8200000, 0x00000000c8200000|100%| E|CS|TAMS 0x00000000c8100000| PB 0x00000000c8100000| Complete 

Card table byte_map: [0x000001e9f4bf0000,0x000001e9f4dd0000] _byte_map_base: 0x000001e9f45cd000

Marking Bits: (CMBitMap*) 0x000001e9dd6509e0
 Bits: [0x000001e9f4fb0000, 0x000001e9f5e98000)

Polling page: 0x000001e9dcdd0000

Metaspace:

Usage:
  Non-class:      7.52 MB used.
      Class:    948.41 KB used.
       Both:      8.44 MB used.

Virtual space:
  Non-class space:       64.00 MB reserved,       7.62 MB ( 12%) committed,  1 nodes.
      Class space:        1.00 GB reserved,       1.00 MB ( <1%) committed,  1 nodes.
             Both:        1.06 GB reserved,       8.62 MB ( <1%) committed. 

Chunk freelists:
   Non-Class:  227.00 KB
       Class:  3.01 MB
        Both:  3.23 MB

MaxMetaspaceSize: unlimited
CompressedClassSpaceSize: 1.00 GB
Initial GC threshold: 21.00 MB
Current GC threshold: 21.00 MB
CDS: on
MetaspaceReclaimPolicy: balanced
 - commit_granule_bytes: 65536.
 - commit_granule_words: 8192.
 - virtual_space_node_default_size: 8388608.
 - enlarge_chunks_in_place: 1.
 - new_chunks_are_fully_committed: 0.
 - uncommit_free_chunks: 1.
 - use_allocation_guard: 0.


Internal statistics:

num_allocs_failed_limit: 0.
num_arena_births: 166.
num_arena_deaths: 0.
num_vsnodes_births: 2.
num_vsnodes_deaths: 0.
num_space_committed: 138.
num_space_uncommitted: 0.
num_chunks_returned_to_freelist: 0.
num_chunks_taken_from_freelist: 221.
num_chunk_merges: 0.
num_chunk_splits: 125.
num_chunks_enlarged: 48.
num_inconsistent_stats: 0.

CodeHeap 'non-profiled nmethods': size=120000Kb used=303Kb max_used=303Kb free=119696Kb
 bounds [0x000001e9ed1b0000, 0x000001e9ed420000, 0x000001e9f46e0000]
CodeHeap 'profiled nmethods': size=120000Kb used=1629Kb max_used=1629Kb free=118371Kb
 bounds [0x000001e9e56e0000, 0x000001e9e5950000, 0x000001e9ecc10000]
CodeHeap 'non-nmethods': size=5760Kb used=1557Kb max_used=1557Kb free=4202Kb
 bounds [0x000001e9ecc10000, 0x000001e9ece80000, 0x000001e9ed1b0000]
 total_blobs=1611 nmethods=1049 adapters=471
 compilation: enabled
              stopped_count=0, restarted_count=0
 full_count=0

Compilation events (20 events):
Event: 0.675 Thread 0x000001e9f8888ae0 nmethod 975 0x000001e9e5847890 code [0x000001e9e5847a40, 0x000001e9e5847d18]
Event: 0.677 Thread 0x000001e9fd43a1d0 nmethod 872 0x000001e9ed1f5910 code [0x000001e9ed1f5aa0, 0x000001e9ed1f5f00]
Event: 0.677 Thread 0x000001e9fd43a1d0  976       4       java.util.HashMap::getNode (150 bytes)
Event: 0.681 Thread 0x000001e9f8888ae0  977       3       java.lang.invoke.MethodHandles$Lookup::resolveOrFail (48 bytes)
Event: 0.682 Thread 0x000001e9f8888ae0 nmethod 977 0x000001e9e5847e10 code [0x000001e9e5848040, 0x000001e9e58486e0]
Event: 0.682 Thread 0x000001e9f8888ae0  978       3       java.lang.invoke.MethodHandles$Lookup::checkMethodName (45 bytes)
Event: 0.682 Thread 0x000001e9f8888ae0 nmethod 978 0x000001e9e5848990 code [0x000001e9e5848ba0, 0x000001e9e5849238]
Event: 0.683 Thread 0x000001e9f8888ae0  979       3       java.lang.invoke.MethodHandle::asType (32 bytes)
Event: 0.683 Thread 0x000001e9f8888ae0 nmethod 979 0x000001e9e5849510 code [0x000001e9e5849720, 0x000001e9e5849e28]
Event: 0.685 Thread 0x000001e9f8888ae0  982       3       jdk.internal.misc.Unsafe::storeFence (5 bytes)
Event: 0.685 Thread 0x000001e9f8888ae0 nmethod 982 0x000001e9e584a090 code [0x000001e9e584a220, 0x000001e9e584a348]
Event: 0.685 Thread 0x000001e9fd43a1d0 nmethod 976 0x000001e9ed1f6090 code [0x000001e9ed1f6240, 0x000001e9ed1f6718]
Event: 0.685 Thread 0x000001e9fd43a1d0  980       4       java.lang.Class::getClassLoader (28 bytes)
Event: 0.687 Thread 0x000001e9fd43a1d0 nmethod 980 0x000001e9ed1f6a10 code [0x000001e9ed1f6ba0, 0x000001e9ed1f6ca8]
Event: 0.687 Thread 0x000001e9fd43a1d0  981       4       jdk.internal.org.objectweb.asm.Symbol::<init> (38 bytes)
Event: 0.688 Thread 0x000001e9f8888ae0  983       3       java.lang.invoke.MemberName::isMethod (8 bytes)
Event: 0.688 Thread 0x000001e9f8888ae0 nmethod 983 0x000001e9e584a410 code [0x000001e9e584a5a0, 0x000001e9e584a778]
Event: 0.691 Thread 0x000001e9f8888ae0  984       1       java.lang.reflect.Field::getName (5 bytes)
Event: 0.691 Thread 0x000001e9fd43a1d0 nmethod 981 0x000001e9ed1f6d90 code [0x000001e9ed1f6f00, 0x000001e9ed1f7270]
Event: 0.691 Thread 0x000001e9f8888ae0 nmethod 984 0x000001e9ed1f7310 code [0x000001e9ed1f7480, 0x000001e9ed1f7548]

GC Heap History (0 events):
No events

Dll operation events (13 events):
Event: 0.026 Loaded shared library C:\Program Files\Java\jdk-20\bin\java.dll
Event: 0.060 Loaded shared library C:\Program Files\Java\jdk-20\bin\jsvml.dll
Event: 0.135 Loaded shared library C:\Program Files\Java\jdk-20\bin\zip.dll
Event: 0.140 Loaded shared library C:\Program Files\Java\jdk-20\bin\instrument.dll
Event: 0.148 Loaded shared library C:\Program Files\Java\jdk-20\bin\net.dll
Event: 0.151 Loaded shared library C:\Program Files\Java\jdk-20\bin\nio.dll
Event: 0.155 Loaded shared library C:\Program Files\Java\jdk-20\bin\zip.dll
Event: 0.199 Loaded shared library C:\Program Files\JetBrains\IntelliJ IDEA 2024.3\bin\breakgen64.dll
Event: 0.213 Loaded shared library C:\Program Files\Java\jdk-20\bin\extnet.dll
Event: 0.223 Loaded shared library C:\Program Files\Java\jdk-20\bin\jimage.dll
Event: 0.264 Loaded shared library C:\Program Files\Java\jdk-20\bin\awt.dll
Event: 0.321 Loaded shared library C:\Program Files\Java\jdk-20\bin\management.dll
Event: 0.348 Loaded shared library C:\Program Files\Java\jdk-20\bin\management_ext.dll

Deoptimization events (20 events):
Event: 0.595 Thread 0x000001e9f8873eb0 DEOPT PACKING pc=0x000001e9ed1cdd38 sp=0x00000024e24fd560
Event: 0.595 Thread 0x000001e9f8873eb0 DEOPT UNPACKING pc=0x000001e9ecc79d22 sp=0x00000024e24fd4b0 mode 2
Event: 0.595 Thread 0x000001e9f8873eb0 Uncommon trap: trap_request=0xffffffde fr.pc=0x000001e9ed1cdd38 relative=0x0000000000000658
Event: 0.595 Thread 0x000001e9f8873eb0 Uncommon trap: reason=class_check action=maybe_recompile pc=0x000001e9ed1cdd38 method=java.util.regex.Pattern$Start.match(Ljava/util/regex/Matcher;ILjava/lang/CharSequence;)Z @ 44 c2
Event: 0.595 Thread 0x000001e9f8873eb0 DEOPT PACKING pc=0x000001e9ed1cdd38 sp=0x00000024e24fd560
Event: 0.595 Thread 0x000001e9f8873eb0 DEOPT UNPACKING pc=0x000001e9ecc79d22 sp=0x00000024e24fd4b0 mode 2
Event: 0.595 Thread 0x000001e9f8873eb0 Uncommon trap: trap_request=0xffffff45 fr.pc=0x000001e9ed1ed7c0 relative=0x00000000000000c0
Event: 0.595 Thread 0x000001e9f8873eb0 Uncommon trap: reason=unstable_if action=reinterpret pc=0x000001e9ed1ed7c0 method=jdk.internal.util.xml.impl.Parser.bappend(CC)V @ 1 c2
Event: 0.595 Thread 0x000001e9f8873eb0 DEOPT PACKING pc=0x000001e9ed1ed7c0 sp=0x00000024e24fd2f0
Event: 0.595 Thread 0x000001e9f8873eb0 DEOPT UNPACKING pc=0x000001e9ecc79d22 sp=0x00000024e24fd278 mode 2
Event: 0.595 Thread 0x000001e9f8873eb0 Uncommon trap: trap_request=0xffffff45 fr.pc=0x000001e9ed1ed474 relative=0x0000000000000074
Event: 0.595 Thread 0x000001e9f8873eb0 Uncommon trap: reason=unstable_if action=reinterpret pc=0x000001e9ed1ed474 method=jdk.internal.util.xml.impl.Parser.ensureCapacity(I)V @ 40 c2
Event: 0.595 Thread 0x000001e9f8873eb0 DEOPT PACKING pc=0x000001e9ed1ed474 sp=0x00000024e24fd2f0
Event: 0.595 Thread 0x000001e9f8873eb0 DEOPT UNPACKING pc=0x000001e9ecc79d22 sp=0x00000024e24fd268 mode 2
Event: 0.630 Thread 0x000001e9f8873eb0 DEOPT PACKING pc=0x000001e9e57a3eae sp=0x00000024e24fe5f0
Event: 0.630 Thread 0x000001e9f8873eb0 DEOPT UNPACKING pc=0x000001e9ecc7a4c2 sp=0x00000024e24fda90 mode 0
Event: 0.685 Thread 0x000001e9fcc75890 Uncommon trap: trap_request=0xffffff45 fr.pc=0x000001e9ed1d7c6c relative=0x00000000000000ec
Event: 0.685 Thread 0x000001e9fcc75890 Uncommon trap: reason=unstable_if action=reinterpret pc=0x000001e9ed1d7c6c method=java.util.HashMap.hash(Ljava/lang/Object;)I @ 1 c2
Event: 0.685 Thread 0x000001e9fcc75890 DEOPT PACKING pc=0x000001e9ed1d7c6c sp=0x00000024e2dfe680
Event: 0.685 Thread 0x000001e9fcc75890 DEOPT UNPACKING pc=0x000001e9ecc79d22 sp=0x00000024e2dfe5c0 mode 2

Classes loaded (20 events):
Event: 0.688 Loading class sun/rmi/server/UnicastRef done
Event: 0.688 Loading class sun/rmi/server/UnicastServerRef done
Event: 0.688 Loading class sun/rmi/server/UnicastServerRef2 done
Event: 0.688 Loading class sun/rmi/server/Util
Event: 0.688 Loading class sun/rmi/server/Util done
Event: 0.689 Loading class java/awt/VKCollection
Event: 0.689 Loading class java/awt/VKCollection done
Event: 0.689 Loading class java/awt/event/KeyEvent
Event: 0.689 Loading class java/rmi/server/LogStream
Event: 0.690 Loading class java/rmi/server/LogStream done
Event: 0.690 Loading class sun/rmi/runtime/Log
Event: 0.690 Loading class java/awt/event/KeyEvent done
Event: 0.690 Loading class sun/rmi/runtime/Log done
Event: 0.690 Loading class java/lang/StackWalker$Option
Event: 0.690 Loading class java/lang/StackWalker$Option done
Event: 0.692 Loading class sun/rmi/runtime/Log$LoggerLogFactory
Event: 0.692 Loading class java/awt/event/KeyEvent$1
Event: 0.692 Loading class sun/rmi/runtime/Log$LogFactory
Event: 0.692 Loading class sun/awt/AWTAccessor$KeyEventAccessor
Event: 0.692 Loading class sun/rmi/runtime/Log$LogFactory done

Classes unloaded (0 events):
No events

Classes redefined (0 events):
No events

Internal exceptions (17 events):
Event: 0.181 Thread 0x000001e9dd611610 Exception <a 'java/lang/NoSuchMethodError'{0x00000000c7fd4970}: 'void java.lang.invoke.DirectMethodHandle$Holder.invokeStatic(java.lang.Object, java.lang.Object, java.lang.Object)'> (0x00000000c7fd4970) 
thrown [s\open\src\hotspot\share\interpreter\linkResolver.cpp, line 773]
Event: 0.188 Thread 0x000001e9dd611610 Exception <a 'java/lang/NoSuchMethodError'{0x00000000c7febe78}: 'java.lang.Object java.lang.invoke.Invokers$Holder.invokeExact_MT(java.lang.Object, java.lang.Object, java.lang.Object, java.lang.Object, java.lang.Object)'> (0x00000000c7febe78) 
thrown [s\open\src\hotspot\share\interpreter\linkResolver.cpp, line 773]
Event: 0.215 Thread 0x000001e9fcc748a0 Exception <a 'java/lang/NoSuchMethodError'{0x00000000c7e07460}: 'void java.lang.invoke.DirectMethodHandle$Holder.invokeStatic(java.lang.Object, java.lang.Object)'> (0x00000000c7e07460) 
thrown [s\open\src\hotspot\share\interpreter\linkResolver.cpp, line 773]
Event: 0.235 Thread 0x000001e9dd611610 Exception <a 'java/lang/ClassNotFoundException'{0x00000000c7efa4a0}: sun/awt/resources/spi/awtProvider> (0x00000000c7efa4a0) 
thrown [s\open\src\hotspot\share\classfile\systemDictionary.cpp, line 305]
Event: 0.275 Thread 0x000001e9f8873eb0 Exception <a 'java/lang/NoSuchMethodError'{0x00000000c7c0b668}: 'java.lang.Object java.lang.invoke.Invokers$Holder.invokeExact_MT(java.lang.Object, java.lang.Object, java.lang.Object, java.lang.Object, java.lang.Object, java.lang.Object)'> (0x00000000c7c0b668) 
thrown [s\open\src\hotspot\share\interpreter\linkResolver.cpp, line 773]
Event: 0.297 Thread 0x000001e9dd611610 Exception <a 'java/io/FileNotFoundException'{0x00000000c7d4ea38}> (0x00000000c7d4ea38) 
thrown [s\open\src\hotspot\share\prims\jni.cpp, line 519]
Event: 0.312 Thread 0x000001e9dd611610 Exception <a 'java/io/FileNotFoundException'{0x00000000c7c78540}> (0x00000000c7c78540) 
thrown [s\open\src\hotspot\share\prims\jni.cpp, line 519]
Event: 0.360 Thread 0x000001e9f8873eb0 Exception <a 'java/lang/NoSuchMethodError'{0x00000000c7c32d18}: 'int java.lang.invoke.DirectMethodHandle$Holder.invokeInterface(java.lang.Object, java.lang.Object)'> (0x00000000c7c32d18) 
thrown [s\open\src\hotspot\share\interpreter\linkResolver.cpp, line 773]
Event: 0.361 Thread 0x000001e9f8873eb0 Exception <a 'java/lang/IncompatibleClassChangeError'{0x00000000c7c35f18}: Found class java.lang.Object, but interface was expected> (0x00000000c7c35f18) 
thrown [s\open\src\hotspot\share\interpreter\linkResolver.cpp, line 840]
Event: 0.452 Thread 0x000001e9f8873eb0 Exception <a 'java/lang/NoSuchMethodError'{0x00000000c7bd5230}: 'int java.lang.invoke.DirectMethodHandle$Holder.invokeSpecial(java.lang.Object, java.lang.Object, java.lang.Object)'> (0x00000000c7bd5230) 
thrown [s\open\src\hotspot\share\interpreter\linkResolver.cpp, line 773]
Event: 0.507 Thread 0x000001e9f8873eb0 Exception <a 'java/lang/NoSuchMethodError'{0x00000000c7a63670}: 'java.lang.Object java.lang.invoke.DirectMethodHandle$Holder.invokeStaticInit(java.lang.Object, java.lang.Object, java.lang.Object)'> (0x00000000c7a63670) 
thrown [s\open\src\hotspot\share\interpreter\linkResolver.cpp, line 773]
Event: 0.547 Thread 0x000001e9fcc75890 Exception <a 'java/lang/NoSuchMethodError'{0x00000000c7ab7740}: 'void java.lang.invoke.DirectMethodHandle$Holder.invokeSpecial(java.lang.Object, java.lang.Object, java.lang.Object)'> (0x00000000c7ab7740) 
thrown [s\open\src\hotspot\share\interpreter\linkResolver.cpp, line 773]
Event: 0.564 Thread 0x000001e9fcc75890 Exception <a 'java/lang/NoSuchMethodError'{0x00000000c7ae1908}: 'java.lang.Object java.lang.invoke.DirectMethodHandle$Holder.newInvokeSpecial(java.lang.Object, java.lang.Object, java.lang.Object, java.lang.Object, java.lang.Object)'> (0x00000000c7ae1908) 
thrown [s\open\src\hotspot\share\interpreter\linkResolver.cpp, line 773]
Event: 0.574 Thread 0x000001e9fcc75890 Exception <a 'java/lang/NoSuchMethodError'{0x00000000c79f3210}: 'java.lang.Object java.lang.invoke.DirectMethodHandle$Holder.invokeStatic(java.lang.Object, int, java.lang.Object)'> (0x00000000c79f3210) 
thrown [s\open\src\hotspot\share\interpreter\linkResolver.cpp, line 773]
Event: 0.653 Thread 0x000001e9fcc75890 Exception <a 'java/lang/ClassNotFoundException'{0x00000000c763f190}: com/sun/swing/internal/plaf/metal/resources/spi/metalProvider> (0x00000000c763f190) 
thrown [s\open\src\hotspot\share\classfile\systemDictionary.cpp, line 305]
Event: 0.656 Thread 0x000001e9fcc75890 Exception <a 'java/lang/ClassNotFoundException'{0x00000000c76430f0}: com/sun/swing/internal/plaf/basic/resources/spi/basicProvider> (0x00000000c76430f0) 
thrown [s\open\src\hotspot\share\classfile\systemDictionary.cpp, line 305]
Event: 0.685 Thread 0x000001e9fcc75890 Implicit null exception at 0x000001e9ed1d7bc6 to 0x000001e9ed1d7c62

VM Operations (12 events):
Event: 0.117 Executing VM operation: HandshakeAllThreads
Event: 0.117 Executing VM operation: HandshakeAllThreads done
Event: 0.203 Executing VM operation: HandshakeAllThreads
Event: 0.203 Executing VM operation: HandshakeAllThreads done
Event: 0.246 Executing VM operation: HandshakeAllThreads
Event: 0.246 Executing VM operation: HandshakeAllThreads done
Event: 0.334 Executing VM operation: HandshakeAllThreads
Event: 0.335 Executing VM operation: HandshakeAllThreads done
Event: 0.337 Executing VM operation: HandshakeAllThreads
Event: 0.337 Executing VM operation: HandshakeAllThreads done
Event: 0.338 Executing VM operation: HandshakeAllThreads
Event: 0.338 Executing VM operation: HandshakeAllThreads done

Events (20 events):
Event: 0.074 Thread 0x000001e9f886c150 Thread added: 0x000001e9f886c150
Event: 0.074 Thread 0x000001e9f886cf50 Thread added: 0x000001e9f886cf50
Event: 0.074 Thread 0x000001e9f88700f0 Thread added: 0x000001e9f88700f0
Event: 0.074 Thread 0x000001e9f8873eb0 Thread added: 0x000001e9f8873eb0
Event: 0.074 Thread 0x000001e9f8874e80 Thread added: 0x000001e9f8874e80
Event: 0.074 Thread 0x000001e9f8881920 Thread added: 0x000001e9f8881920
Event: 0.075 Thread 0x000001e9f8888420 Thread added: 0x000001e9f8888420
Event: 0.075 Thread 0x000001e9f8888ae0 Thread added: 0x000001e9f8888ae0
Event: 0.107 Thread 0x000001e9fcc74350 Thread added: 0x000001e9fcc74350
Event: 0.200 Thread 0x000001e9fcc748a0 Thread added: 0x000001e9fcc748a0
Event: 0.200 Thread 0x000001e9fcc72e10 Thread added: 0x000001e9fcc72e10
Event: 0.256 Thread 0x000001e9fced10d0 Thread added: 0x000001e9fced10d0
Event: 0.397 Thread 0x000001e9fcc74df0 Thread added: 0x000001e9fcc74df0
Event: 0.400 Thread 0x000001e9fcc73e00 Thread added: 0x000001e9fcc73e00
Event: 0.402 Thread 0x000001e9fcc75340 Thread added: 0x000001e9fcc75340
Event: 0.408 Thread 0x000001e9fced10d0 Thread exited: 0x000001e9fced10d0
Event: 0.440 Thread 0x000001e9fcc75890 Thread added: 0x000001e9fcc75890
Event: 0.441 Thread 0x000001e9dd611610 Thread exited: 0x000001e9dd611610
Event: 0.441 Thread 0x000001e9fcc72370 Thread added: 0x000001e9fcc72370
Event: 0.574 Thread 0x000001e9fd43a1d0 Thread added: 0x000001e9fd43a1d0


Dynamic libraries:
0x00007ff6e7f20000 - 0x00007ff6e7f30000 	C:\Program Files\Java\jdk-20\bin\java.exe
0x00007fff5f4d0000 - 0x00007fff5f6e7000 	C:\WINDOWS\SYSTEM32\ntdll.dll
0x00007fff5edb0000 - 0x00007fff5ee74000 	C:\WINDOWS\System32\KERNEL32.DLL
0x00007fff5c7b0000 - 0x00007fff5cb6a000 	C:\WINDOWS\System32\KERNELBASE.dll
0x00007fff5cd80000 - 0x00007fff5ce91000 	C:\WINDOWS\System32\ucrtbase.dll
0x00007fff542a0000 - 0x00007fff542bb000 	C:\Program Files\Java\jdk-20\bin\VCRUNTIME140.dll
0x00007fff55740000 - 0x00007fff55759000 	C:\Program Files\Java\jdk-20\bin\jli.dll
0x00007fff5ec10000 - 0x00007fff5ecc2000 	C:\WINDOWS\System32\ADVAPI32.dll
0x00007fff5dbe0000 - 0x00007fff5dc87000 	C:\WINDOWS\System32\msvcrt.dll
0x00007fff5dee0000 - 0x00007fff5df87000 	C:\WINDOWS\System32\sechost.dll
0x00007fff5cea0000 - 0x00007fff5cec8000 	C:\WINDOWS\System32\bcrypt.dll
0x00007fff5f290000 - 0x00007fff5f3a4000 	C:\WINDOWS\System32\RPCRT4.dll
0x00007fff5f0b0000 - 0x00007fff5f25e000 	C:\WINDOWS\System32\USER32.dll
0x00007fff5cd50000 - 0x00007fff5cd76000 	C:\WINDOWS\System32\win32u.dll
0x00007fff44ee0000 - 0x00007fff45172000 	C:\WINDOWS\WinSxS\amd64_microsoft.windows.common-controls_6595b64144ccf1df_6.0.22621.4541_none_2710d1c57384c085\COMCTL32.dll
0x00007fff5f260000 - 0x00007fff5f289000 	C:\WINDOWS\System32\GDI32.dll
0x00007fff5d040000 - 0x00007fff5d15b000 	C:\WINDOWS\System32\gdi32full.dll
0x00007fff5ccb0000 - 0x00007fff5cd4a000 	C:\WINDOWS\System32\msvcp_win.dll
0x00007fff51270000 - 0x00007fff5127a000 	C:\WINDOWS\SYSTEM32\VERSION.dll
0x00007fff5f450000 - 0x00007fff5f481000 	C:\WINDOWS\System32\IMM32.DLL
0x00007fff55390000 - 0x00007fff5539c000 	C:\Program Files\Java\jdk-20\bin\vcruntime140_1.dll
0x00007fff46900000 - 0x00007fff4698e000 	C:\Program Files\Java\jdk-20\bin\msvcp140.dll
0x00007ffee7210000 - 0x00007ffee7ea8000 	C:\Program Files\Java\jdk-20\bin\server\jvm.dll
0x00007fff40c10000 - 0x00007fff40c19000 	C:\WINDOWS\SYSTEM32\WSOCK32.dll
0x00007fff54af0000 - 0x00007fff54b24000 	C:\WINDOWS\SYSTEM32\WINMM.dll
0x00007fff5d9f0000 - 0x00007fff5da61000 	C:\WINDOWS\System32\WS2_32.dll
0x00007fff5b7c0000 - 0x00007fff5b7d8000 	C:\WINDOWS\SYSTEM32\kernel.appcore.dll
0x00007fff54250000 - 0x00007fff5425a000 	C:\Program Files\Java\jdk-20\bin\jimage.dll
0x00007fff56d70000 - 0x00007fff56fa2000 	C:\WINDOWS\SYSTEM32\DBGHELP.DLL
0x00007fff5d1e0000 - 0x00007fff5d56f000 	C:\WINDOWS\System32\combase.dll
0x00007fff5dd00000 - 0x00007fff5ddd7000 	C:\WINDOWS\System32\OLEAUT32.dll
0x00007fff3a430000 - 0x00007fff3a462000 	C:\WINDOWS\SYSTEM32\dbgcore.DLL
0x00007fff5cb70000 - 0x00007fff5cbeb000 	C:\WINDOWS\System32\bcryptPrimitives.dll
0x00007fff53b90000 - 0x00007fff53b9e000 	C:\Program Files\Java\jdk-20\bin\instrument.dll
0x00007fff541d0000 - 0x00007fff541f6000 	C:\Program Files\Java\jdk-20\bin\java.dll
0x00007fff3b770000 - 0x00007fff3b847000 	C:\Program Files\Java\jdk-20\bin\jsvml.dll
0x00007fff5e1c0000 - 0x00007fff5ea38000 	C:\WINDOWS\System32\SHELL32.dll
0x00007fff5a6a0000 - 0x00007fff5afa8000 	C:\WINDOWS\SYSTEM32\windows.storage.dll
0x00007fff5a560000 - 0x00007fff5a69f000 	C:\WINDOWS\SYSTEM32\wintypes.dll
0x00007fff5ef30000 - 0x00007fff5f02a000 	C:\WINDOWS\System32\SHCORE.dll
0x00007fff5df90000 - 0x00007fff5dfee000 	C:\WINDOWS\System32\shlwapi.dll
0x00007fff5c6e0000 - 0x00007fff5c70b000 	C:\WINDOWS\SYSTEM32\profapi.dll
0x00007fff51e90000 - 0x00007fff51ea8000 	C:\Program Files\Java\jdk-20\bin\zip.dll
0x00007fff541b0000 - 0x00007fff541c3000 	C:\Program Files\Java\jdk-20\bin\net.dll
0x00007fff55d60000 - 0x00007fff55e96000 	C:\WINDOWS\SYSTEM32\WINHTTP.dll
0x00007fff5bc70000 - 0x00007fff5bcd9000 	C:\WINDOWS\system32\mswsock.dll
0x00007fff54190000 - 0x00007fff541a6000 	C:\Program Files\Java\jdk-20\bin\nio.dll
0x00007fff41ca0000 - 0x00007fff41cba000 	C:\Program Files\JetBrains\IntelliJ IDEA 2024.3\bin\breakgen64.dll
0x00007fff51e80000 - 0x00007fff51e87000 	C:\Program Files\Java\jdk-20\bin\extnet.dll
0x00007fff39e30000 - 0x00007fff39fc1000 	C:\Program Files\Java\jdk-20\bin\awt.dll
0x00007fff542c0000 - 0x00007fff54357000 	C:\WINDOWS\SYSTEM32\apphelp.dll
0x00007fff5b280000 - 0x00007fff5b382000 	C:\WINDOWS\SYSTEM32\DNSAPI.dll
0x00007fff5b210000 - 0x00007fff5b23d000 	C:\WINDOWS\SYSTEM32\IPHLPAPI.DLL
0x00007fff5e1a0000 - 0x00007fff5e1a9000 	C:\WINDOWS\System32\NSI.dll
0x00007fff54e30000 - 0x00007fff54e3a000 	C:\Windows\System32\rasadhlp.dll
0x00007fff54730000 - 0x00007fff547b3000 	C:\WINDOWS\System32\fwpuclnt.dll
0x00007fff46b70000 - 0x00007fff46b7a000 	C:\Program Files\Java\jdk-20\bin\management.dll
0x00007fff46b60000 - 0x00007fff46b6b000 	C:\Program Files\Java\jdk-20\bin\management_ext.dll
0x00007fff5ea40000 - 0x00007fff5ea48000 	C:\WINDOWS\System32\PSAPI.DLL
0x00007fff56830000 - 0x00007fff568e1000 	C:\WINDOWS\system32\uxtheme.dll
0x00007fff5da70000 - 0x00007fff5dbd1000 	C:\WINDOWS\System32\MSCTF.dll
0x00007fff5dff0000 - 0x00007fff5e195000 	C:\WINDOWS\System32\ole32.dll
0x00007fff56a90000 - 0x00007fff56abb000 	C:\WINDOWS\system32\DWMAPI.DLL
0x00007fff39270000 - 0x00007fff39370000 	C:\WINDOWS\system32\opengl32.dll
0x00007fff3a2f0000 - 0x00007fff3a31d000 	C:\WINDOWS\SYSTEM32\GLU32.dll
0x00007fff56940000 - 0x00007fff56977000 	C:\WINDOWS\SYSTEM32\dxcore.dll
0x00007fff5bed0000 - 0x00007fff5beeb000 	C:\WINDOWS\SYSTEM32\CRYPTSP.dll
0x00007fff5b720000 - 0x00007fff5b755000 	C:\WINDOWS\system32\rsaenh.dll
0x00007fff5bd60000 - 0x00007fff5bd88000 	C:\WINDOWS\SYSTEM32\USERENV.dll
0x00007fff5bec0000 - 0x00007fff5becc000 	C:\WINDOWS\SYSTEM32\CRYPTBASE.dll

dbghelp: loaded successfully - version: 4.0.5 - missing functions: none
symbol engine: initialized successfully - sym options: 0x614 - pdb path: .;C:\Program Files\Java\jdk-20\bin;C:\WINDOWS\SYSTEM32;C:\WINDOWS\WinSxS\amd64_microsoft.windows.common-controls_6595b64144ccf1df_6.0.22621.4541_none_2710d1c57384c085;C:\Program Files\Java\jdk-20\bin\server;C:\Program Files\JetBrains\IntelliJ IDEA 2024.3\bin

VM Arguments:
jvm_args: -javaagent:C:\Program Files\JetBrains\IntelliJ IDEA 2024.3\lib\idea_rt.jar=52946:C:\Program Files\JetBrains\IntelliJ IDEA 2024.3\bin -Dfile.encoding=UTF-8 -Dsun.stdout.encoding=UTF-8 -Dsun.stderr.encoding=UTF-8 
java_command: LoginPagePanel
java_class_path (initial): C:\Users\ASUS\IdeaProjects\ProyekUAS_PBOL_SEM3\target\classes;C:\Users\ASUS\.m2\repository\org\openjfx\javafx-controls\17.0.2\javafx-controls-17.0.2.jar;C:\Users\ASUS\.m2\repository\org\openjfx\javafx-controls\17.0.2\javafx-controls-17.0.2-win.jar;C:\Users\ASUS\.m2\repository\org\openjfx\javafx-graphics\17.0.2\javafx-graphics-17.0.2.jar;C:\Users\ASUS\.m2\repository\org\openjfx\javafx-graphics\17.0.2\javafx-graphics-17.0.2-win.jar;C:\Users\ASUS\.m2\repository\org\openjfx\javafx-base\17.0.2\javafx-base-17.0.2.jar;C:\Users\ASUS\.m2\repository\org\openjfx\javafx-base\17.0.2\javafx-base-17.0.2-win.jar;C:\Users\ASUS\.m2\repository\org\openjfx\javafx-fxml\17.0.2\javafx-fxml-17.0.2.jar;C:\Users\ASUS\.m2\repository\org\openjfx\javafx-fxml\17.0.2\javafx-fxml-17.0.2-win.jar
Launcher Type: SUN_STANDARD

[Global flags]
     intx CICompilerCount                          = 4                                         {product} {ergonomic}
     uint ConcGCThreads                            = 2                                         {product} {ergonomic}
     uint G1ConcRefinementThreads                  = 8                                         {product} {ergonomic}
   size_t G1HeapRegionSize                         = 1048576                                   {product} {ergonomic}
    uintx GCDrainStackTargetSize                   = 64                                        {product} {ergonomic}
   size_t InitialHeapSize                          = 62914560                                  {product} {ergonomic}
   size_t MarkStackSize                            = 4194304                                   {product} {ergonomic}
   size_t MaxHeapSize                              = 1000341504                                {product} {ergonomic}
   size_t MaxNewSize                               = 599785472                                 {product} {ergonomic}
   size_t MinHeapDeltaBytes                        = 1048576                                   {product} {ergonomic}
   size_t MinHeapSize                              = 8388608                                   {product} {ergonomic}
    uintx NonNMethodCodeHeapSize                   = 5839372                                {pd product} {ergonomic}
    uintx NonProfiledCodeHeapSize                  = 122909434                              {pd product} {ergonomic}
    uintx ProfiledCodeHeapSize                     = 122909434                              {pd product} {ergonomic}
    uintx ReservedCodeCacheSize                    = 251658240                              {pd product} {ergonomic}
     bool SegmentedCodeCache                       = true                                      {product} {ergonomic}
   size_t SoftMaxHeapSize                          = 1000341504                             {manageable} {ergonomic}
     bool UseCompressedClassPointers               = true                           {product lp64_product} {ergonomic}
     bool UseCompressedOops                        = true                           {product lp64_product} {ergonomic}
     bool UseG1GC                                  = true                                      {product} {ergonomic}
     bool UseLargePagesIndividualAllocation        = false                                  {pd product} {ergonomic}

Logging:
Log output configuration:
 #0: stdout all=warning uptime,level,tags foldmultilines=false
 #1: stderr all=off uptime,level,tags foldmultilines=false

Environment Variables:
PATH=C:\oraclexe\app\oracle\product\11.2.0\server\bin;;C:\Users\ASUS\AppData\Local\Programs\Python\Python311\Scripts\;C:\Users\ASUS\AppData\Local\Programs\Python\Python311\;C:\Program Files\Common Files\Oracle\Java\javapath;C:\Program Files (x86)\Common Files\Oracle\Java\javapath;C:\WINDOWS\system32;C:\WINDOWS;C:\WINDOWS\System32\Wbem;C:\WINDOWS\System32\WindowsPowerShell\v1.0\;C:\WINDOWS\System32\OpenSSH\;C:\Program Files\nodejs\;C:\ProgramData\chocolatey\bin;C:\Program Files\Docker\Docker\resources\bin;C:\Program Files\Go\bin;C:\Program Files\Git\cmd;C:\Users\ASUS\AppData\Local\Programs\Python\Python312\Scripts\;C:\Users\ASUS\AppData\Local\Programs\Python\Python312\;C:\Users\ASUS\AppData\Local\Programs\Python\Python311\Scripts\;C:\Users\ASUS\AppData\Local\Programs\Python\Python311\;C:\Users\ASUS\AppData\Local\Microsoft\WindowsApps;C:\Users\ASUS\AppData\Local\JetBrains\PyCharm 2023.1.3\bin;C:\Program Files\JetBrains\PyCharm Community Edition 2023.1.3\bin;C:\msys64\mingw64\bin;C:\Users\ASUS\AppData\Roaming\npm;C:\Users\ASUS\OneDrive\Desktop\sample\website\JavaScript\flutter\bin;C:\Users\ASUS\go\bin;C:\ghcup\bin;C:\Users\ASUS\AppData\Local\Programs\Microsoft VS Code\bin;C:\php;
USERNAME=ASUS
OS=Windows_NT
PROCESSOR_IDENTIFIER=Intel64 Family 6 Model 142 Stepping 12, GenuineIntel
TMP=C:\Users\ASUS\AppData\Local\Temp
TEMP=C:\Users\ASUS\AppData\Local\Temp




---------------  S Y S T E M  ---------------

OS:
 Windows 11 , 64 bit Build 22621 (10.0.22621.4391)
OS uptime: 0 days 15:01 hours
Hyper-V role detected

CPU: total 8 (initial active 8) (4 cores per cpu, 2 threads per core) family 6 model 142 stepping 12 microcode 0xde, cx8, cmov, fxsr, ht, mmx, 3dnowpref, sse, sse2, sse3, ssse3, sse4.1, sse4.2, popcnt, lzcnt, tsc, tscinvbit, avx, avx2, aes, erms, clmul, bmi1, bmi2, adx, fma, vzeroupper, clflush, clflushopt, hv, rdtscp, f16c

Memory: 4k page, system-wide physical 3810M (391M free)
TotalPageFile size 15586M (AvailPageFile size 1M)
current process WorkingSet (physical memory assigned to process): 72M, peak: 72M
current process commit charge ("private bytes"): 158M, peak: 158M

vm_info: Java HotSpot(TM) 64-Bit Server VM (20.0.2+9-78) for windows-amd64 JRE (20.0.2+9-78), built on 2023-06-14T10:08:48Z by "mach5one" with MS VC++ 17.1 (VS2022)

END.
