#
# There is insufficient memory for the Java Runtime Environment to continue.
# Native memory allocation (malloc) failed to allocate 640576 bytes for Chunk::new
# Possible reasons:
#   The system is out of physical RAM or swap space
#   The process is running with CompressedOops enabled, and the Java Heap may be blocking the growth of the native heap
# Possible solutions:
#   Reduce memory load on the system
#   Increase physical memory or swap space
#   Check if swap backing store is full
#   Decrease Java heap size (-Xmx/-Xms)
#   Decrease number of Java threads
#   Decrease Java thread stack sizes (-Xss)
#   Set larger code cache with -XX:ReservedCodeCacheSize=
#   JVM is running with Unscaled Compressed Oops mode in which the Java heap is
#     placed in the first 4GB address space. The Java Heap base address is the
#     maximum limit for the native heap growth. Please use -XX:HeapBaseMinAddress
#     to set the Java Heap base and to place the Java Heap above 4GB virtual address.
# This output file may be truncated or incomplete.
#
#  Out of Memory Error (arena.cpp:184), pid=17064, tid=17876
#
# JRE version: Java(TM) SE Runtime Environment (20.0.2+9) (build 20.0.2+9-78)
# Java VM: Java HotSpot(TM) 64-Bit Server VM (20.0.2+9-78, mixed mode, sharing, tiered, compressed oops, compressed class ptrs, g1 gc, windows-amd64)
# No core dump will be written. Minidumps are not enabled by default on client versions of Windows
#

---------------  S U M M A R Y ------------

Command Line: -javaagent:C:\Program Files\JetBrains\IntelliJ IDEA 2024.3\lib\idea_rt.jar=53421:C:\Program Files\JetBrains\IntelliJ IDEA 2024.3\bin -Dfile.encoding=UTF-8 -Dsun.stdout.encoding=UTF-8 -Dsun.stderr.encoding=UTF-8 LoginPagePanel

Host: Intel(R) Core(TM) i7-8565U CPU @ 1.80GHz, 8 cores, 3G,  Windows 11 , 64 bit Build 22621 (10.0.22621.4391)
Time: Thu Nov 28 11:10:17 2024 SE Asia Standard Time elapsed time: 150.676735 seconds (0d 0h 2m 30s)

---------------  T H R E A D  ---------------

Current thread (0x00000219b20a3cf0):  JavaThread "C2 CompilerThread0" daemon [_thread_in_native, id=17876, stack(0x00000025dc200000,0x00000025dc300000)]


Current CompileTask:
C2: 150677 2489       4       java.io.ObjectOutputStream::writeClassDesc (60 bytes)

Stack: [0x00000025dc200000,0x00000025dc300000]
Native frames: (J=compiled Java code, j=interpreted, Vv=VM code, C=native code)
V  [jvm.dll+0x6bc25a]
V  [jvm.dll+0x84971a]
V  [jvm.dll+0x84b315]
V  [jvm.dll+0x84ba13]
V  [jvm.dll+0x280e4f]
V  [jvm.dll+0xc2ab1]
V  [jvm.dll+0xc2dd5]
V  [jvm.dll+0x2f611f]
V  [jvm.dll+0x5e3b0b]
V  [jvm.dll+0x254684]
V  [jvm.dll+0x24ce00]
V  [jvm.dll+0x24a819]
V  [jvm.dll+0x1ce761]
V  [jvm.dll+0x25a0eb]
V  [jvm.dll+0x2587c0]
V  [jvm.dll+0x3f2dd5]
V  [jvm.dll+0x7f5c76]
V  [jvm.dll+0x6baecb]
C  [ucrtbase.dll+0x29333]
C  [KERNEL32.DLL+0x1259d]
C  [ntdll.dll+0x5af38]


---------------  P R O C E S S  ---------------

Threads class SMR info:
_java_thread_list=0x00000219f9897720, length=21, elements={
0x00000219b2099bb0, 0x00000219b209a7b0, 0x00000219b209dc80, 0x00000219b209f830,
0x00000219b20a24e0, 0x00000219b20a2e20, 0x00000219b20a3cf0, 0x00000219b20afcb0,
0x00000219f7449e70, 0x00000219f75fbb70, 0x00000219f75fc0c0, 0x00000219f76b4150,
0x00000219f76b4e10, 0x00000219f7ba43c0, 0x00000219f7bb8cb0, 0x0000021996e3c1f0,
0x00000219f829b3c0, 0x00000219f7de0fc0, 0x00000219f7e07540, 0x00000219f7e0a510,
0x00000219f7e08a80
}

Java Threads: ( => current thread )
  0x00000219b2099bb0 JavaThread "Reference Handler" daemon [_thread_blocked, id=20748, stack(0x00000025dbc00000,0x00000025dbd00000)]
  0x00000219b209a7b0 JavaThread "Finalizer" daemon [_thread_blocked, id=20060, stack(0x00000025dbd00000,0x00000025dbe00000)]
  0x00000219b209dc80 JavaThread "Signal Dispatcher" daemon [_thread_blocked, id=15476, stack(0x00000025dbe00000,0x00000025dbf00000)]
  0x00000219b209f830 JavaThread "Attach Listener" daemon [_thread_blocked, id=20296, stack(0x00000025dbf00000,0x00000025dc000000)]
  0x00000219b20a24e0 JavaThread "Service Thread" daemon [_thread_blocked, id=13344, stack(0x00000025dc000000,0x00000025dc100000)]
  0x00000219b20a2e20 JavaThread "Monitor Deflation Thread" daemon [_thread_blocked, id=3140, stack(0x00000025dc100000,0x00000025dc200000)]
=>0x00000219b20a3cf0 JavaThread "C2 CompilerThread0" daemon [_thread_in_native, id=17876, stack(0x00000025dc200000,0x00000025dc300000)]
  0x00000219b20afcb0 JavaThread "C1 CompilerThread0" daemon [_thread_blocked, id=13768, stack(0x00000025dc300000,0x00000025dc400000)]
  0x00000219f7449e70 JavaThread "Common-Cleaner" daemon [_thread_blocked, id=6832, stack(0x00000025dc400000,0x00000025dc500000)]
  0x00000219f75fbb70 JavaThread "Monitor Ctrl-Break" daemon [_thread_in_native, id=16364, stack(0x00000025dc500000,0x00000025dc600000)]
  0x00000219f75fc0c0 JavaThread "Notification Thread" daemon [_thread_blocked, id=20960, stack(0x00000025dc600000,0x00000025dc700000)]
  0x00000219f76b4150 JavaThread "Java2D Disposer" daemon [_thread_blocked, id=15224, stack(0x00000025dc800000,0x00000025dc900000)]
  0x00000219f76b4e10 JavaThread "AWT-Shutdown" [_thread_blocked, id=18096, stack(0x00000025dc900000,0x00000025dca00000)]
  0x00000219f7ba43c0 JavaThread "AWT-Windows" daemon [_thread_in_native, id=19348, stack(0x00000025dca00000,0x00000025dcb00000)]
  0x00000219f7bb8cb0 JavaThread "AWT-EventQueue-0" [_thread_blocked, id=2344, stack(0x00000025dcb00000,0x00000025dcc00000)]
  0x0000021996e3c1f0 JavaThread "DestroyJavaVM" [_thread_blocked, id=3172, stack(0x00000025db500000,0x00000025db600000)]
  0x00000219f829b3c0 JavaThread "RMI TCP Accept-0" daemon [_thread_in_native, id=18256, stack(0x00000025dce00000,0x00000025dcf00000)]
  0x00000219f7de0fc0 JavaThread "RMI TCP Connection(1)-192.168.100.11" daemon [_thread_in_native, id=8096, stack(0x00000025dcf00000,0x00000025dd000000)]
  0x00000219f7e07540 JavaThread "RMI Scheduler(0)" daemon [_thread_blocked, id=16308, stack(0x00000025dd000000,0x00000025dd100000)]
  0x00000219f7e0a510 JavaThread "JMX server connection timeout 34" daemon [_thread_blocked, id=16268, stack(0x00000025dd100000,0x00000025dd200000)]
  0x00000219f7e08a80 JavaThread "TimerQueue" daemon [_thread_blocked, id=7096, stack(0x00000025dcc00000,0x00000025dcd00000)]

Other Threads:
  0x00000219b207d230 VMThread "VM Thread" [stack: 0x00000025dbb00000,0x00000025dbc00000] [id=20412]
  0x00000219f7623620 WatcherThread "VM Periodic Task Thread" [stack: 0x00000025dc700000,0x00000025dc800000] [id=8792]
  0x0000021996e7ac90 WorkerThread "GC Thread#0" [stack: 0x00000025db600000,0x00000025db700000] [id=320]
  0x00000219f9849580 WorkerThread "GC Thread#1" [stack: 0x00000025dd500000,0x00000025dd600000] [id=12444]
  0x00000219f984bfb0 WorkerThread "GC Thread#2" [stack: 0x00000025dd600000,0x00000025dd700000] [id=19336]
  0x00000219f9849850 WorkerThread "GC Thread#3" [stack: 0x00000025dd700000,0x00000025dd800000] [id=17060]
  0x00000219f9849df0 WorkerThread "GC Thread#4" [stack: 0x00000025dd800000,0x00000025dd900000] [id=7708]
  0x00000219f984a660 WorkerThread "GC Thread#5" [stack: 0x00000025dd900000,0x00000025dda00000] [id=20844]
  0x00000219f984a0c0 WorkerThread "GC Thread#6" [stack: 0x00000025dda00000,0x00000025ddb00000] [id=15728]
  0x00000219f984a390 WorkerThread "GC Thread#7" [stack: 0x00000025ddb00000,0x00000025ddc00000] [id=11076]
  0x0000021996e83380 ConcurrentGCThread "G1 Main Marker" [stack: 0x00000025db700000,0x00000025db800000] [id=8284]
  0x0000021996e840c0 WorkerThread "G1 Conc#0" [stack: 0x00000025db800000,0x00000025db900000] [id=20164]
  0x0000021996ee6fe0 ConcurrentGCThread "G1 Refine#0" [stack: 0x00000025db900000,0x00000025dba00000] [id=16516]
  0x0000021996ee7980 ConcurrentGCThread "G1 Service" [stack: 0x00000025dba00000,0x00000025dbb00000] [id=15976]

Threads with active compile tasks:
C2 CompilerThread0   150733 2489       4       java.io.ObjectOutputStream::writeClassDesc (60 bytes)

VM state: not at safepoint (normal execution)

VM Mutex/Monitor currently owned by a thread: None

Heap address: 0x00000000c4600000, size: 954 MB, Compressed Oops mode: 32-bit

CDS archive(s) mapped at: [0x00000219b2400000-0x00000219b3060000-0x00000219b3060000), size 12976128, SharedBaseAddress: 0x00000219b2400000, ArchiveRelocationMode: 1.
Compressed class space mapped at: 0x00000219b3400000-0x00000219f3400000, reserved size: 1073741824
Narrow klass base: 0x00000219b2400000, Narrow klass shift: 0, Narrow klass range: 0x100000000

GC Precious Log:
 CardTable entry size: 512
 Card Set container configuration: InlinePtr #cards 5 size 8 Array Of Cards #cards 12 size 40 Howl #buckets 4 coarsen threshold 1843 Howl Bitmap #cards 512 size 80 coarsen threshold 460 Card regions per heap region 1 cards per card region 2048
 CPUs: 8 total, 8 available
 Memory: 3810M
 Large Page Support: Disabled
 NUMA Support: Disabled
 Compressed Oops: Enabled (32-bit)
 Heap Region Size: 1M
 Heap Min Capacity: 8M
 Heap Initial Capacity: 60M
 Heap Max Capacity: 954M
 Pre-touch: Disabled
 Parallel Workers: 8
 Concurrent Workers: 2
 Concurrent Refinement Workers: 8
 Periodic GC: Disabled

Heap:
 garbage-first heap   total 61440K, used 19797K [0x00000000c4600000, 0x0000000100000000)
  region size 1024K, 10 young (10240K), 3 survivors (3072K)
 Metaspace       used 14734K, committed 15040K, reserved 1114112K
  class space    used 1601K, committed 1728K, reserved 1048576K

Heap Regions: E=young(eden), S=young(survivor), O=old, HS=humongous(starts), HC=humongous(continues), CS=collection set, F=free, OA=open archive, CA=closed archive, TAMS=top-at-mark-start, PB=parsable bottom
|   0|0x00000000c4600000, 0x00000000c4700000, 0x00000000c4700000|100%|HS|  |TAMS 0x00000000c4600000| PB 0x00000000c4600000| Complete 
|   1|0x00000000c4700000, 0x00000000c4800000, 0x00000000c4800000|100%|HC|  |TAMS 0x00000000c4700000| PB 0x00000000c4700000| Complete 
|   2|0x00000000c4800000, 0x00000000c4900000, 0x00000000c4900000|100%|HC|  |TAMS 0x00000000c4800000| PB 0x00000000c4800000| Complete 
|   3|0x00000000c4900000, 0x00000000c4a00000, 0x00000000c4a00000|100%|HC|  |TAMS 0x00000000c4900000| PB 0x00000000c4900000| Complete 
|   4|0x00000000c4a00000, 0x00000000c4b00000, 0x00000000c4b00000|100%|HS|  |TAMS 0x00000000c4a00000| PB 0x00000000c4a00000| Complete 
|   5|0x00000000c4b00000, 0x00000000c4c00000, 0x00000000c4c00000|100%|HC|  |TAMS 0x00000000c4b00000| PB 0x00000000c4b00000| Complete 
|   6|0x00000000c4c00000, 0x00000000c4d00000, 0x00000000c4d00000|100%|HC|  |TAMS 0x00000000c4c00000| PB 0x00000000c4c00000| Complete 
|   7|0x00000000c4d00000, 0x00000000c4e00000, 0x00000000c4e00000|100%|HC|  |TAMS 0x00000000c4d00000| PB 0x00000000c4d00000| Complete 
|   8|0x00000000c4e00000, 0x00000000c4f00000, 0x00000000c4f00000|100%| O|  |TAMS 0x00000000c4e00000| PB 0x00000000c4e00000| Untracked 
|   9|0x00000000c4f00000, 0x00000000c5000000, 0x00000000c5000000|100%| O|  |TAMS 0x00000000c4f00000| PB 0x00000000c4f00000| Untracked 
|  10|0x00000000c5000000, 0x00000000c5055600, 0x00000000c5100000| 33%| O|  |TAMS 0x00000000c5000000| PB 0x00000000c5000000| Untracked 
|  11|0x00000000c5100000, 0x00000000c5100000, 0x00000000c5200000|  0%| F|  |TAMS 0x00000000c5100000| PB 0x00000000c5100000| Untracked 
|  12|0x00000000c5200000, 0x00000000c5200000, 0x00000000c5300000|  0%| F|  |TAMS 0x00000000c5200000| PB 0x00000000c5200000| Untracked 
|  13|0x00000000c5300000, 0x00000000c5300000, 0x00000000c5400000|  0%| F|  |TAMS 0x00000000c5300000| PB 0x00000000c5300000| Untracked 
|  14|0x00000000c5400000, 0x00000000c5400000, 0x00000000c5500000|  0%| F|  |TAMS 0x00000000c5400000| PB 0x00000000c5400000| Untracked 
|  15|0x00000000c5500000, 0x00000000c5500000, 0x00000000c5600000|  0%| F|  |TAMS 0x00000000c5500000| PB 0x00000000c5500000| Untracked 
|  16|0x00000000c5600000, 0x00000000c5600000, 0x00000000c5700000|  0%| F|  |TAMS 0x00000000c5600000| PB 0x00000000c5600000| Untracked 
|  17|0x00000000c5700000, 0x00000000c5700000, 0x00000000c5800000|  0%| F|  |TAMS 0x00000000c5700000| PB 0x00000000c5700000| Untracked 
|  18|0x00000000c5800000, 0x00000000c5800000, 0x00000000c5900000|  0%| F|  |TAMS 0x00000000c5800000| PB 0x00000000c5800000| Untracked 
|  19|0x00000000c5900000, 0x00000000c5900000, 0x00000000c5a00000|  0%| F|  |TAMS 0x00000000c5900000| PB 0x00000000c5900000| Untracked 
|  20|0x00000000c5a00000, 0x00000000c5a00000, 0x00000000c5b00000|  0%| F|  |TAMS 0x00000000c5a00000| PB 0x00000000c5a00000| Untracked 
|  21|0x00000000c5b00000, 0x00000000c5b00000, 0x00000000c5c00000|  0%| F|  |TAMS 0x00000000c5b00000| PB 0x00000000c5b00000| Untracked 
|  22|0x00000000c5c00000, 0x00000000c5c00000, 0x00000000c5d00000|  0%| F|  |TAMS 0x00000000c5c00000| PB 0x00000000c5c00000| Untracked 
|  23|0x00000000c5d00000, 0x00000000c5d00000, 0x00000000c5e00000|  0%| F|  |TAMS 0x00000000c5d00000| PB 0x00000000c5d00000| Untracked 
|  24|0x00000000c5e00000, 0x00000000c5e00000, 0x00000000c5f00000|  0%| F|  |TAMS 0x00000000c5e00000| PB 0x00000000c5e00000| Untracked 
|  25|0x00000000c5f00000, 0x00000000c5f00000, 0x00000000c6000000|  0%| F|  |TAMS 0x00000000c5f00000| PB 0x00000000c5f00000| Untracked 
|  26|0x00000000c6000000, 0x00000000c6000000, 0x00000000c6100000|  0%| F|  |TAMS 0x00000000c6000000| PB 0x00000000c6000000| Untracked 
|  27|0x00000000c6100000, 0x00000000c6100000, 0x00000000c6200000|  0%| F|  |TAMS 0x00000000c6100000| PB 0x00000000c6100000| Untracked 
|  28|0x00000000c6200000, 0x00000000c6200000, 0x00000000c6300000|  0%| F|  |TAMS 0x00000000c6200000| PB 0x00000000c6200000| Untracked 
|  29|0x00000000c6300000, 0x00000000c6300000, 0x00000000c6400000|  0%| F|  |TAMS 0x00000000c6300000| PB 0x00000000c6300000| Untracked 
|  30|0x00000000c6400000, 0x00000000c6400000, 0x00000000c6500000|  0%| F|  |TAMS 0x00000000c6400000| PB 0x00000000c6400000| Untracked 
|  31|0x00000000c6500000, 0x00000000c6500000, 0x00000000c6600000|  0%| F|  |TAMS 0x00000000c6500000| PB 0x00000000c6500000| Untracked 
|  32|0x00000000c6600000, 0x00000000c6600000, 0x00000000c6700000|  0%| F|  |TAMS 0x00000000c6600000| PB 0x00000000c6600000| Untracked 
|  33|0x00000000c6700000, 0x00000000c6700000, 0x00000000c6800000|  0%| F|  |TAMS 0x00000000c6700000| PB 0x00000000c6700000| Untracked 
|  34|0x00000000c6800000, 0x00000000c6900000, 0x00000000c6900000|100%| S|CS|TAMS 0x00000000c6800000| PB 0x00000000c6800000| Complete 
|  35|0x00000000c6900000, 0x00000000c6a00000, 0x00000000c6a00000|100%| S|CS|TAMS 0x00000000c6900000| PB 0x00000000c6900000| Complete 
|  36|0x00000000c6a00000, 0x00000000c6b00000, 0x00000000c6b00000|100%| S|CS|TAMS 0x00000000c6a00000| PB 0x00000000c6a00000| Complete 
|  37|0x00000000c6b00000, 0x00000000c6b00000, 0x00000000c6c00000|  0%| F|  |TAMS 0x00000000c6b00000| PB 0x00000000c6b00000| Untracked 
|  38|0x00000000c6c00000, 0x00000000c6c00000, 0x00000000c6d00000|  0%| F|  |TAMS 0x00000000c6c00000| PB 0x00000000c6c00000| Untracked 
|  39|0x00000000c6d00000, 0x00000000c6d00000, 0x00000000c6e00000|  0%| F|  |TAMS 0x00000000c6d00000| PB 0x00000000c6d00000| Untracked 
|  40|0x00000000c6e00000, 0x00000000c6e00000, 0x00000000c6f00000|  0%| F|  |TAMS 0x00000000c6e00000| PB 0x00000000c6e00000| Untracked 
|  41|0x00000000c6f00000, 0x00000000c6f00000, 0x00000000c7000000|  0%| F|  |TAMS 0x00000000c6f00000| PB 0x00000000c6f00000| Untracked 
|  42|0x00000000c7000000, 0x00000000c7000000, 0x00000000c7100000|  0%| F|  |TAMS 0x00000000c7000000| PB 0x00000000c7000000| Untracked 
|  43|0x00000000c7100000, 0x00000000c7100000, 0x00000000c7200000|  0%| F|  |TAMS 0x00000000c7100000| PB 0x00000000c7100000| Untracked 
|  44|0x00000000c7200000, 0x00000000c7200000, 0x00000000c7300000|  0%| F|  |TAMS 0x00000000c7200000| PB 0x00000000c7200000| Untracked 
|  45|0x00000000c7300000, 0x00000000c7300000, 0x00000000c7400000|  0%| F|  |TAMS 0x00000000c7300000| PB 0x00000000c7300000| Untracked 
|  46|0x00000000c7400000, 0x00000000c7400000, 0x00000000c7500000|  0%| F|  |TAMS 0x00000000c7400000| PB 0x00000000c7400000| Untracked 
|  47|0x00000000c7500000, 0x00000000c7500000, 0x00000000c7600000|  0%| F|  |TAMS 0x00000000c7500000| PB 0x00000000c7500000| Untracked 
|  48|0x00000000c7600000, 0x00000000c7600000, 0x00000000c7700000|  0%| F|  |TAMS 0x00000000c7600000| PB 0x00000000c7600000| Untracked 
|  49|0x00000000c7700000, 0x00000000c7700000, 0x00000000c7800000|  0%| F|  |TAMS 0x00000000c7700000| PB 0x00000000c7700000| Untracked 
|  50|0x00000000c7800000, 0x00000000c7800000, 0x00000000c7900000|  0%| F|  |TAMS 0x00000000c7800000| PB 0x00000000c7800000| Untracked 
|  51|0x00000000c7900000, 0x00000000c7900000, 0x00000000c7a00000|  0%| F|  |TAMS 0x00000000c7900000| PB 0x00000000c7900000| Untracked 
|  52|0x00000000c7a00000, 0x00000000c7a00000, 0x00000000c7b00000|  0%| F|  |TAMS 0x00000000c7a00000| PB 0x00000000c7a00000| Untracked 
|  53|0x00000000c7b00000, 0x00000000c7bdb120, 0x00000000c7c00000| 85%| E|  |TAMS 0x00000000c7b00000| PB 0x00000000c7b00000| Complete 
|  54|0x00000000c7c00000, 0x00000000c7d00000, 0x00000000c7d00000|100%| E|CS|TAMS 0x00000000c7c00000| PB 0x00000000c7c00000| Complete 
|  55|0x00000000c7d00000, 0x00000000c7e00000, 0x00000000c7e00000|100%| E|CS|TAMS 0x00000000c7d00000| PB 0x00000000c7d00000| Complete 
|  56|0x00000000c7e00000, 0x00000000c7f00000, 0x00000000c7f00000|100%| E|CS|TAMS 0x00000000c7e00000| PB 0x00000000c7e00000| Complete 
|  57|0x00000000c7f00000, 0x00000000c8000000, 0x00000000c8000000|100%| E|CS|TAMS 0x00000000c7f00000| PB 0x00000000c7f00000| Complete 
|  58|0x00000000c8000000, 0x00000000c8100000, 0x00000000c8100000|100%| E|CS|TAMS 0x00000000c8000000| PB 0x00000000c8000000| Complete 
|  59|0x00000000c8100000, 0x00000000c8200000, 0x00000000c8200000|100%| E|CS|TAMS 0x00000000c8100000| PB 0x00000000c8100000| Complete 

Card table byte_map: [0x00000219ae410000,0x00000219ae5f0000] _byte_map_base: 0x00000219added000

Marking Bits: (CMBitMap*) 0x0000021996e7b1c0
 Bits: [0x00000219ae7d0000, 0x00000219af6b8000)

Polling page: 0x0000021994df0000

Metaspace:

Usage:
  Non-class:     12.83 MB used.
      Class:      1.56 MB used.
       Both:     14.39 MB used.

Virtual space:
  Non-class space:       64.00 MB reserved,      13.00 MB ( 20%) committed,  1 nodes.
      Class space:        1.00 GB reserved,       1.69 MB ( <1%) committed,  1 nodes.
             Both:        1.06 GB reserved,      14.69 MB (  1%) committed. 

Chunk freelists:
   Non-Class:  2.96 MB
       Class:  2.20 MB
        Both:  5.16 MB

MaxMetaspaceSize: unlimited
CompressedClassSpaceSize: 1.00 GB
Initial GC threshold: 21.00 MB
Current GC threshold: 21.00 MB
CDS: on
MetaspaceReclaimPolicy: balanced
 - commit_granule_bytes: 65536.
 - commit_granule_words: 8192.
 - virtual_space_node_default_size: 8388608.
 - enlarge_chunks_in_place: 1.
 - new_chunks_are_fully_committed: 0.
 - uncommit_free_chunks: 1.
 - use_allocation_guard: 0.


Internal statistics:

num_allocs_failed_limit: 0.
num_arena_births: 402.
num_arena_deaths: 0.
num_vsnodes_births: 2.
num_vsnodes_deaths: 0.
num_space_committed: 235.
num_space_uncommitted: 0.
num_chunks_returned_to_freelist: 0.
num_chunks_taken_from_freelist: 571.
num_chunk_merges: 0.
num_chunk_splits: 311.
num_chunks_enlarged: 91.
num_inconsistent_stats: 0.

CodeHeap 'non-profiled nmethods': size=120000Kb used=737Kb max_used=737Kb free=119262Kb
 bounds [0x00000219a69d0000, 0x00000219a6c40000, 0x00000219adf00000]
CodeHeap 'profiled nmethods': size=120000Kb used=4808Kb max_used=4808Kb free=115191Kb
 bounds [0x000002199ef00000, 0x000002199f3c0000, 0x00000219a6430000]
CodeHeap 'non-nmethods': size=5760Kb used=1686Kb max_used=1717Kb free=4073Kb
 bounds [0x00000219a6430000, 0x00000219a66a0000, 0x00000219a69d0000]
 total_blobs=3169 nmethods=2488 adapters=591
 compilation: enabled
              stopped_count=0, restarted_count=0
 full_count=0

Compilation events (20 events):
Event: 136.114 Thread 0x00000219b20afcb0 nmethod 2479 0x000002199f3aaa90 code [0x000002199f3aac40, 0x000002199f3aaeb0]
Event: 137.133 Thread 0x00000219b20afcb0 2480       3       java.lang.invoke.LambdaForm$MH/0x00000219b358a800::invoke (104 bytes)
Event: 137.135 Thread 0x00000219b20afcb0 nmethod 2480 0x000002199f3aaf90 code [0x000002199f3ab2e0, 0x000002199f3acbc8]
Event: 137.135 Thread 0x00000219b20afcb0 2481       3       java.lang.invoke.LambdaForm$DMH/0x00000219b350d000::invokeInterface (25 bytes)
Event: 137.135 Thread 0x00000219b20afcb0 nmethod 2481 0x000002199f3ad310 code [0x000002199f3ad4e0, 0x000002199f3adc48]
Event: 137.135 Thread 0x00000219b20afcb0 2482       3       com.sun.jmx.mbeanserver.JmxMBeanServer::getAttribute (16 bytes)
Event: 137.136 Thread 0x00000219b20afcb0 nmethod 2482 0x000002199f3add90 code [0x000002199f3adfa0, 0x000002199f3ae6a8]
Event: 137.136 Thread 0x00000219b20afcb0 2483   !   3       com.sun.jmx.interceptor.DefaultMBeanServerInterceptor::getAttribute (133 bytes)
Event: 137.138 Thread 0x00000219b20afcb0 nmethod 2483 0x000002199f3ae990 code [0x000002199f3aed60, 0x000002199f3b0588]
Event: 137.138 Thread 0x00000219b20afcb0 2484       3       com.sun.jmx.mbeanserver.PerInterface::getAttribute (75 bytes)
Event: 137.141 Thread 0x00000219b20afcb0 nmethod 2484 0x000002199f3b0f90 code [0x000002199f3b1180, 0x000002199f3b16b0]
Event: 137.141 Thread 0x00000219b20afcb0 2485   !   3       com.sun.jmx.mbeanserver.MBeanIntrospector::invokeM (44 bytes)
Event: 137.142 Thread 0x00000219b20afcb0 nmethod 2485 0x000002199f3b1910 code [0x000002199f3b1ae0, 0x000002199f3b1f70]
Event: 141.253 Thread 0x00000219b20a3cf0 2486       4       java.io.Bits::getLong (105 bytes)
Event: 141.254 Thread 0x00000219b20a3cf0 nmethod 2486 0x00000219a6a87290 code [0x00000219a6a87400, 0x00000219a6a87530]
Event: 147.507 Thread 0x00000219b20a3cf0 2487       4       java.lang.ThreadLocal::get (47 bytes)
Event: 147.518 Thread 0x00000219b20a3cf0 nmethod 2487 0x00000219a6a87610 code [0x00000219a6a877a0, 0x00000219a6a87928]
Event: 150.612 Thread 0x00000219b20a3cf0 2488   !   4       java.io.BufferedOutputStream::write (73 bytes)
Event: 150.624 Thread 0x00000219b20a3cf0 nmethod 2488 0x00000219a6a87b10 code [0x00000219a6a87cc0, 0x00000219a6a882a0]
Event: 150.624 Thread 0x00000219b20a3cf0 2489       4       java.io.ObjectOutputStream::writeClassDesc (60 bytes)

GC Heap History (2 events):
Event: 2.382 GC heap before
{Heap before GC invocations=0 (full 0):
 garbage-first heap   total 61440K, used 31744K [0x00000000c4600000, 0x0000000100000000)
  region size 1024K, 23 young (23552K), 0 survivors (0K)
 Metaspace       used 13659K, committed 14016K, reserved 1114112K
  class space    used 1555K, committed 1728K, reserved 1048576K
}
Event: 2.392 GC heap after
{Heap after GC invocations=1 (full 0):
 garbage-first heap   total 61440K, used 13653K [0x00000000c4600000, 0x0000000100000000)
  region size 1024K, 3 young (3072K), 3 survivors (3072K)
 Metaspace       used 13659K, committed 14016K, reserved 1114112K
  class space    used 1555K, committed 1728K, reserved 1048576K
}

Dll operation events (16 events):
Event: 0.046 Loaded shared library C:\Program Files\Java\jdk-20\bin\java.dll
Event: 0.077 Loaded shared library C:\Program Files\Java\jdk-20\bin\jsvml.dll
Event: 0.173 Loaded shared library C:\Program Files\Java\jdk-20\bin\zip.dll
Event: 0.179 Loaded shared library C:\Program Files\Java\jdk-20\bin\instrument.dll
Event: 0.187 Loaded shared library C:\Program Files\Java\jdk-20\bin\net.dll
Event: 0.190 Loaded shared library C:\Program Files\Java\jdk-20\bin\nio.dll
Event: 0.195 Loaded shared library C:\Program Files\Java\jdk-20\bin\zip.dll
Event: 0.268 Loaded shared library C:\Program Files\JetBrains\IntelliJ IDEA 2024.3\bin\breakgen64.dll
Event: 0.285 Loaded shared library C:\Program Files\Java\jdk-20\bin\extnet.dll
Event: 0.296 Loaded shared library C:\Program Files\Java\jdk-20\bin\jimage.dll
Event: 0.357 Loaded shared library C:\Program Files\Java\jdk-20\bin\awt.dll
Event: 0.424 Loaded shared library C:\Program Files\Java\jdk-20\bin\management.dll
Event: 0.464 Loaded shared library C:\Program Files\Java\jdk-20\bin\management_ext.dll
Event: 0.910 Loaded shared library C:\Program Files\Java\jdk-20\bin\javajpeg.dll
Event: 1.214 Loaded shared library C:\Program Files\Java\jdk-20\bin\freetype.dll
Event: 1.218 Loaded shared library C:\Program Files\Java\jdk-20\bin\fontmanager.dll

Deoptimization events (20 events):
Event: 4.448 Thread 0x00000219f7bb8cb0 Uncommon trap: trap_request=0xffffffde fr.pc=0x00000219a69db9b8 relative=0x00000000000001b8
Event: 4.448 Thread 0x00000219f7bb8cb0 Uncommon trap: reason=class_check action=maybe_recompile pc=0x00000219a69db9b8 method=java.lang.String.equals(Ljava/lang/Object;)Z @ 8 c2
Event: 4.448 Thread 0x00000219f7bb8cb0 DEOPT PACKING pc=0x00000219a69db9b8 sp=0x00000025dcbfe3b0
Event: 4.448 Thread 0x00000219f7bb8cb0 DEOPT UNPACKING pc=0x00000219a6499d22 sp=0x00000025dcbfe338 mode 2
Event: 4.448 Thread 0x00000219f7bb8cb0 Uncommon trap: trap_request=0xffffffde fr.pc=0x00000219a69db9b8 relative=0x00000000000001b8
Event: 4.448 Thread 0x00000219f7bb8cb0 Uncommon trap: reason=class_check action=maybe_recompile pc=0x00000219a69db9b8 method=java.lang.String.equals(Ljava/lang/Object;)Z @ 8 c2
Event: 4.448 Thread 0x00000219f7bb8cb0 DEOPT PACKING pc=0x00000219a69db9b8 sp=0x00000025dcbfe3b0
Event: 4.448 Thread 0x00000219f7bb8cb0 DEOPT UNPACKING pc=0x00000219a6499d22 sp=0x00000025dcbfe338 mode 2
Event: 4.611 Thread 0x00000219f7bb8cb0 Uncommon trap: trap_request=0xffffffde fr.pc=0x00000219a69db9b8 relative=0x00000000000001b8
Event: 4.611 Thread 0x00000219f7bb8cb0 Uncommon trap: reason=class_check action=maybe_recompile pc=0x00000219a69db9b8 method=java.lang.String.equals(Ljava/lang/Object;)Z @ 8 c2
Event: 4.611 Thread 0x00000219f7bb8cb0 DEOPT PACKING pc=0x00000219a69db9b8 sp=0x00000025dcbfe3b0
Event: 4.611 Thread 0x00000219f7bb8cb0 DEOPT UNPACKING pc=0x00000219a6499d22 sp=0x00000025dcbfe338 mode 2
Event: 4.611 Thread 0x00000219f7bb8cb0 Uncommon trap: trap_request=0xffffffde fr.pc=0x00000219a69db9b8 relative=0x00000000000001b8
Event: 4.611 Thread 0x00000219f7bb8cb0 Uncommon trap: reason=class_check action=maybe_recompile pc=0x00000219a69db9b8 method=java.lang.String.equals(Ljava/lang/Object;)Z @ 8 c2
Event: 4.611 Thread 0x00000219f7bb8cb0 DEOPT PACKING pc=0x00000219a69db9b8 sp=0x00000025dcbfe3b0
Event: 4.611 Thread 0x00000219f7bb8cb0 DEOPT UNPACKING pc=0x00000219a6499d22 sp=0x00000025dcbfe338 mode 2
Event: 6.081 Thread 0x00000219f7e08a80 Uncommon trap: trap_request=0xffffff45 fr.pc=0x00000219a6a55774 relative=0x0000000000000154
Event: 6.081 Thread 0x00000219f7e08a80 Uncommon trap: reason=unstable_if action=reinterpret pc=0x00000219a6a55774 method=java.util.concurrent.locks.AbstractQueuedSynchronizer.release(I)Z @ 5 c2
Event: 6.081 Thread 0x00000219f7e08a80 DEOPT PACKING pc=0x00000219a6a55774 sp=0x00000025dccff5e0
Event: 6.081 Thread 0x00000219f7e08a80 DEOPT UNPACKING pc=0x00000219a6499d22 sp=0x00000025dccff538 mode 2

Classes loaded (20 events):
Event: 4.539 Loading class javax/swing/JViewport
Event: 4.557 Loading class javax/swing/JViewport done
Event: 4.557 Loading class javax/swing/text/AbstractDocument$UndoRedoDocumentEvent
Event: 4.574 Loading class javax/swing/text/AbstractDocument$UndoRedoDocumentEvent done
Event: 4.574 Loading class javax/swing/text/DefaultCaret$1
Event: 4.591 Loading class javax/swing/text/DefaultCaret$1 done
Event: 4.591 Loading class javax/swing/event/UndoableEditEvent
Event: 4.591 Loading class javax/swing/event/UndoableEditEvent done
Event: 4.592 Loading class javax/swing/text/AbstractDocument$DefaultDocumentEventUndoableWrapper
Event: 4.592 Loading class sun/swing/text/UndoableEditLockSupport
Event: 4.609 Loading class sun/swing/text/UndoableEditLockSupport done
Event: 4.609 Loading class javax/swing/text/AbstractDocument$DefaultDocumentEventUndoableWrapper done
Event: 4.609 Loading class javax/swing/event/UndoableEditListener
Event: 4.609 Loading class javax/swing/event/UndoableEditListener done
Event: 4.612 Loading class javax/swing/RepaintManager$3
Event: 4.628 Loading class javax/swing/RepaintManager$3 done
Event: 7.052 Loading class javax/swing/Autoscroller
Event: 7.053 Loading class javax/swing/Autoscroller done
Event: 21.703 Loading class java/awt/LightweightDispatcher$2
Event: 21.703 Loading class java/awt/LightweightDispatcher$2 done

Classes unloaded (0 events):
No events

Classes redefined (0 events):
No events

Internal exceptions (20 events):
Event: 0.850 Thread 0x00000219b209f830 Exception <a 'java/lang/NoSuchMethodError'{0x00000000c7434eb0}: 'java.lang.Object java.lang.invoke.DirectMethodHandle$Holder.invokeStaticInit(java.lang.Object, int, int, int, int)'> (0x00000000c7434eb0) 
thrown [s\open\src\hotspot\share\interpreter\linkResolver.cpp, line 773]
Event: 0.914 Thread 0x00000219f8334de0 Exception <a 'java/lang/NoSuchMethodError'{0x00000000c73b6018}: 'java.lang.Object java.lang.invoke.DirectMethodHandle$Holder.newInvokeSpecial(java.lang.Object, java.lang.Object, java.lang.Object, int, int, int, int, int)'> (0x00000000c73b6018) 
thrown [s\open\src\hotspot\share\interpreter\linkResolver.cpp, line 773]
Event: 0.950 Thread 0x00000219b209f830 Exception <a 'java/lang/NoSuchMethodError'{0x00000000c7475af8}: 'java.lang.Object java.lang.invoke.DirectMethodHandle$Holder.invokeStaticInit(java.lang.Object, java.lang.Object, int, int, int, int)'> (0x00000000c7475af8) 
thrown [s\open\src\hotspot\share\interpreter\linkResolver.cpp, line 773]
Event: 0.990 Thread 0x00000219b209f830 Exception <a 'java/lang/ClassNotFoundException'{0x00000000c70fa150}: javax/management/remote/rmi/RMIServerImpl_Skel> (0x00000000c70fa150) 
thrown [s\open\src\hotspot\share\classfile\systemDictionary.cpp, line 305]
Event: 1.019 Thread 0x00000219b209f830 Exception <a 'java/lang/NoSuchMethodError'{0x00000000c6f8aec8}: 'long java.lang.invoke.DirectMethodHandle$Holder.invokeSpecial(java.lang.Object, java.lang.Object)'> (0x00000000c6f8aec8) 
thrown [s\open\src\hotspot\share\interpreter\linkResolver.cpp, line 773]
Event: 1.019 Thread 0x00000219b209f830 Exception <a 'java/lang/NoSuchMethodError'{0x00000000c6f8e590}: 'long java.lang.invoke.Invokers$Holder.invokeExact_MT(java.lang.Object, java.lang.Object)'> (0x00000000c6f8e590) 
thrown [s\open\src\hotspot\share\interpreter\linkResolver.cpp, line 773]
Event: 1.030 Thread 0x00000219f7bb8cb0 Implicit null exception at 0x00000219a6a18fa0 to 0x00000219a6a19394
Event: 1.153 Thread 0x00000219f7ba43c0 Exception <a 'java/lang/NoSuchMethodError'{0x00000000c7bfb510}: 'void java.lang.invoke.DirectMethodHandle$Holder.invokeVirtual(java.lang.Object, java.lang.Object)'> (0x00000000c7bfb510) 
thrown [s\open\src\hotspot\share\interpreter\linkResolver.cpp, line 773]
Event: 1.165 Thread 0x00000219f7de0fc0 Exception <a 'java/lang/NoSuchMethodError'{0x00000000c6e6c0d0}: static [B.<clinit>()V> (0x00000000c6e6c0d0) 
thrown [s\open\src\hotspot\share\prims\jni.cpp, line 1105]
Event: 1.175 Thread 0x00000219f7de0fc0 Exception <a 'java/lang/NoSuchMethodError'{0x00000000c6e707c0}: 'java.lang.Object java.lang.invoke.DirectMethodHandle$Holder.invokeInterface(java.lang.Object, java.lang.Object, java.lang.Object)'> (0x00000000c6e707c0) 
thrown [s\open\src\hotspot\share\interpreter\linkResolver.cpp, line 773]
Event: 1.195 Thread 0x00000219f7de0fc0 Exception <a 'java/lang/ClassNotFoundException'{0x00000000c6d1f668}: javax/management/remote/rmi/RMIConnectionImpl_Skel> (0x00000000c6d1f668) 
thrown [s\open\src\hotspot\share\classfile\systemDictionary.cpp, line 305]
Event: 1.197 Thread 0x00000219f7e0a510 Exception <a 'java/lang/NoSuchMethodError'{0x00000000c6da1a10}: 'java.lang.Object java.lang.invoke.Invokers$Holder.linkToTargetMethod(java.lang.Object, long, java.lang.Object)'> (0x00000000c6da1a10) 
thrown [s\open\src\hotspot\share\interpreter\linkResolver.cpp, line 773]
Event: 1.199 Thread 0x00000219f7bb8cb0 Exception <a 'java/lang/NoSuchMethodError'{0x00000000c6dedcc8}: 'void java.lang.invoke.DirectMethodHandle$Holder.invokeStaticInit(java.lang.Object)'> (0x00000000c6dedcc8) 
thrown [s\open\src\hotspot\share\interpreter\linkResolver.cpp, line 773]
Event: 1.214 Thread 0x00000219f7de0fc0 Exception <a 'java/lang/NoSuchMethodError'{0x00000000c6d41dc0}: 'java.lang.Object java.lang.invoke.DirectMethodHandle$Holder.invokeInterface(java.lang.Object, java.lang.Object)'> (0x00000000c6d41dc0) 
thrown [s\open\src\hotspot\share\interpreter\linkResolver.cpp, line 773]
Event: 1.229 Thread 0x00000219f7de0fc0 Exception <a 'java/lang/NoSuchMethodError'{0x00000000c6d6b288}: 'int java.lang.invoke.DelegatingMethodHandle$Holder.reinvoke_L(java.lang.Object, java.lang.Object, java.lang.Object, java.lang.Object, java.lang.Object)'> (0x00000000c6d6b288) 
thrown [s\open\src\hotspot\share\interpreter\linkResolver.cpp, line 773]
Event: 1.238 Thread 0x00000219f7de0fc0 Exception <a 'java/lang/NoSuchMethodError'{0x00000000c6c11518}: 'java.lang.Object java.lang.invoke.DirectMethodHandle$Holder.invokeInterface(java.lang.Object, java.lang.Object, java.lang.Object, java.lang.Object, java.lang.Object)'> (0x00000000c6c11518) 
thrown [s\open\src\hotspot\share\interpreter\linkResolver.cpp, line 773]
Event: 1.246 Thread 0x00000219f7de0fc0 Exception <a 'java/lang/NoSuchMethodError'{0x00000000c6c344a0}: 'double java.lang.invoke.DirectMethodHandle$Holder.invokeInterface(java.lang.Object, java.lang.Object)'> (0x00000000c6c344a0) 
thrown [s\open\src\hotspot\share\interpreter\linkResolver.cpp, line 773]
Event: 1.247 Thread 0x00000219f7de0fc0 Exception <a 'java/lang/NoSuchMethodError'{0x00000000c6c3bc10}: 'double java.lang.invoke.DelegatingMethodHandle$Holder.reinvoke_L(java.lang.Object, java.lang.Object)'> (0x00000000c6c3bc10) 
thrown [s\open\src\hotspot\share\interpreter\linkResolver.cpp, line 773]
Event: 2.374 Thread 0x00000219f7de0fc0 Exception <a 'java/lang/NoSuchMethodError'{0x00000000c6c597b8}: 'long java.lang.invoke.DirectMethodHandle$Holder.invokeVirtual(java.lang.Object, java.lang.Object)'> (0x00000000c6c597b8) 
thrown [s\open\src\hotspot\share\interpreter\linkResolver.cpp, line 773]
Event: 2.374 Thread 0x00000219f7de0fc0 Exception <a 'java/lang/NoSuchMethodError'{0x00000000c6c5cd38}: 'long java.lang.invoke.DelegatingMethodHandle$Holder.reinvoke_L(java.lang.Object, java.lang.Object)'> (0x00000000c6c5cd38) 
thrown [s\open\src\hotspot\share\interpreter\linkResolver.cpp, line 773]

VM Operations (20 events):
Event: 79.298 Executing VM operation: Cleanup
Event: 79.299 Executing VM operation: Cleanup done
Event: 87.370 Executing VM operation: Cleanup
Event: 87.371 Executing VM operation: Cleanup done
Event: 89.392 Executing VM operation: Cleanup
Event: 89.392 Executing VM operation: Cleanup done
Event: 98.444 Executing VM operation: Cleanup
Event: 98.444 Executing VM operation: Cleanup done
Event: 102.486 Executing VM operation: Cleanup
Event: 102.486 Executing VM operation: Cleanup done
Event: 114.558 Executing VM operation: Cleanup
Event: 114.559 Executing VM operation: Cleanup done
Event: 135.677 Executing VM operation: Cleanup
Event: 135.677 Executing VM operation: Cleanup done
Event: 136.691 Executing VM operation: Cleanup
Event: 136.692 Executing VM operation: Cleanup done
Event: 137.702 Executing VM operation: Cleanup
Event: 137.702 Executing VM operation: Cleanup done
Event: 138.702 Executing VM operation: Cleanup
Event: 138.702 Executing VM operation: Cleanup done

Events (20 events):
Event: 0.138 Thread 0x00000219f7449e70 Thread added: 0x00000219f7449e70
Event: 0.269 Thread 0x00000219f75fbb70 Thread added: 0x00000219f75fbb70
Event: 0.269 Thread 0x00000219f75fc0c0 Thread added: 0x00000219f75fc0c0
Event: 0.330 Thread 0x00000219f769d560 Thread added: 0x00000219f769d560
Event: 0.493 Thread 0x00000219f769d560 Thread exited: 0x00000219f769d560
Event: 0.505 Thread 0x00000219f76b4150 Thread added: 0x00000219f76b4150
Event: 0.508 Thread 0x00000219f76b4e10 Thread added: 0x00000219f76b4e10
Event: 0.510 Thread 0x00000219f7ba43c0 Thread added: 0x00000219f7ba43c0
Event: 0.560 Thread 0x00000219f7bb8cb0 Thread added: 0x00000219f7bb8cb0
Event: 0.562 Thread 0x0000021996e3c1f0 Thread exited: 0x0000021996e3c1f0
Event: 0.562 Thread 0x0000021996e3c1f0 Thread added: 0x0000021996e3c1f0
Event: 0.706 Thread 0x00000219f7c14330 Thread added: 0x00000219f7c14330
Event: 0.827 Thread 0x00000219f8334de0 Thread added: 0x00000219f8334de0
Event: 1.008 Thread 0x00000219f829b3c0 Thread added: 0x00000219f829b3c0
Event: 1.117 Thread 0x00000219f7de0fc0 Thread added: 0x00000219f7de0fc0
Event: 1.163 Thread 0x00000219f7e07540 Thread added: 0x00000219f7e07540
Event: 1.189 Thread 0x00000219f7e0a510 Thread added: 0x00000219f7e0a510
Event: 1.418 Thread 0x00000219f7c14330 Thread exited: 0x00000219f7c14330
Event: 1.744 Thread 0x00000219f7e08a80 Thread added: 0x00000219f7e08a80
Event: 5.987 Thread 0x00000219f8334de0 Thread exited: 0x00000219f8334de0


Dynamic libraries:
0x00007ff792560000 - 0x00007ff792570000 	C:\Program Files\Java\jdk-20\bin\java.exe
0x00007fff5f4d0000 - 0x00007fff5f6e7000 	C:\WINDOWS\SYSTEM32\ntdll.dll
0x00007fff5edb0000 - 0x00007fff5ee74000 	C:\WINDOWS\System32\KERNEL32.DLL
0x00007fff5c7b0000 - 0x00007fff5cb6a000 	C:\WINDOWS\System32\KERNELBASE.dll
0x00007fff5cd80000 - 0x00007fff5ce91000 	C:\WINDOWS\System32\ucrtbase.dll
0x00007fff542a0000 - 0x00007fff542bb000 	C:\Program Files\Java\jdk-20\bin\VCRUNTIME140.dll
0x00007fff47ee0000 - 0x00007fff47ef9000 	C:\Program Files\Java\jdk-20\bin\jli.dll
0x00007fff5ec10000 - 0x00007fff5ecc2000 	C:\WINDOWS\System32\ADVAPI32.dll
0x00007fff5dbe0000 - 0x00007fff5dc87000 	C:\WINDOWS\System32\msvcrt.dll
0x00007fff5dee0000 - 0x00007fff5df87000 	C:\WINDOWS\System32\sechost.dll
0x00007fff5cea0000 - 0x00007fff5cec8000 	C:\WINDOWS\System32\bcrypt.dll
0x00007fff5f290000 - 0x00007fff5f3a4000 	C:\WINDOWS\System32\RPCRT4.dll
0x00007fff5f0b0000 - 0x00007fff5f25e000 	C:\WINDOWS\System32\USER32.dll
0x00007fff44ee0000 - 0x00007fff45172000 	C:\WINDOWS\WinSxS\amd64_microsoft.windows.common-controls_6595b64144ccf1df_6.0.22621.4541_none_2710d1c57384c085\COMCTL32.dll
0x00007fff5cd50000 - 0x00007fff5cd76000 	C:\WINDOWS\System32\win32u.dll
0x00007fff5f260000 - 0x00007fff5f289000 	C:\WINDOWS\System32\GDI32.dll
0x00007fff5d040000 - 0x00007fff5d15b000 	C:\WINDOWS\System32\gdi32full.dll
0x00007fff5ccb0000 - 0x00007fff5cd4a000 	C:\WINDOWS\System32\msvcp_win.dll
0x00007fff51270000 - 0x00007fff5127a000 	C:\WINDOWS\SYSTEM32\VERSION.dll
0x00007fff5f450000 - 0x00007fff5f481000 	C:\WINDOWS\System32\IMM32.DLL
0x00007fff55390000 - 0x00007fff5539c000 	C:\Program Files\Java\jdk-20\bin\vcruntime140_1.dll
0x00007fff46900000 - 0x00007fff4698e000 	C:\Program Files\Java\jdk-20\bin\msvcp140.dll
0x00007ffee7210000 - 0x00007ffee7ea8000 	C:\Program Files\Java\jdk-20\bin\server\jvm.dll
0x00007fff40c10000 - 0x00007fff40c19000 	C:\WINDOWS\SYSTEM32\WSOCK32.dll
0x00007fff5d9f0000 - 0x00007fff5da61000 	C:\WINDOWS\System32\WS2_32.dll
0x00007fff54af0000 - 0x00007fff54b24000 	C:\WINDOWS\SYSTEM32\WINMM.dll
0x00007fff5b7c0000 - 0x00007fff5b7d8000 	C:\WINDOWS\SYSTEM32\kernel.appcore.dll
0x00007fff54250000 - 0x00007fff5425a000 	C:\Program Files\Java\jdk-20\bin\jimage.dll
0x00007fff56d70000 - 0x00007fff56fa2000 	C:\WINDOWS\SYSTEM32\DBGHELP.DLL
0x00007fff5d1e0000 - 0x00007fff5d56f000 	C:\WINDOWS\System32\combase.dll
0x00007fff5dd00000 - 0x00007fff5ddd7000 	C:\WINDOWS\System32\OLEAUT32.dll
0x00007fff3a430000 - 0x00007fff3a462000 	C:\WINDOWS\SYSTEM32\dbgcore.DLL
0x00007fff5cb70000 - 0x00007fff5cbeb000 	C:\WINDOWS\System32\bcryptPrimitives.dll
0x00007fff53b90000 - 0x00007fff53b9e000 	C:\Program Files\Java\jdk-20\bin\instrument.dll
0x00007fff541d0000 - 0x00007fff541f6000 	C:\Program Files\Java\jdk-20\bin\java.dll
0x00007fff3b770000 - 0x00007fff3b847000 	C:\Program Files\Java\jdk-20\bin\jsvml.dll
0x00007fff5e1c0000 - 0x00007fff5ea38000 	C:\WINDOWS\System32\SHELL32.dll
0x00007fff5a6a0000 - 0x00007fff5afa8000 	C:\WINDOWS\SYSTEM32\windows.storage.dll
0x00007fff5a560000 - 0x00007fff5a69f000 	C:\WINDOWS\SYSTEM32\wintypes.dll
0x00007fff5ef30000 - 0x00007fff5f02a000 	C:\WINDOWS\System32\SHCORE.dll
0x00007fff5df90000 - 0x00007fff5dfee000 	C:\WINDOWS\System32\shlwapi.dll
0x00007fff5c6e0000 - 0x00007fff5c70b000 	C:\WINDOWS\SYSTEM32\profapi.dll
0x00007fff51e90000 - 0x00007fff51ea8000 	C:\Program Files\Java\jdk-20\bin\zip.dll
0x00007fff541b0000 - 0x00007fff541c3000 	C:\Program Files\Java\jdk-20\bin\net.dll
0x00007fff55d60000 - 0x00007fff55e96000 	C:\WINDOWS\SYSTEM32\WINHTTP.dll
0x00007fff5bc70000 - 0x00007fff5bcd9000 	C:\WINDOWS\system32\mswsock.dll
0x00007fff54190000 - 0x00007fff541a6000 	C:\Program Files\Java\jdk-20\bin\nio.dll
0x00007fff47ec0000 - 0x00007fff47eda000 	C:\Program Files\JetBrains\IntelliJ IDEA 2024.3\bin\breakgen64.dll
0x00007fff51e80000 - 0x00007fff51e87000 	C:\Program Files\Java\jdk-20\bin\extnet.dll
0x00007fff39e30000 - 0x00007fff39fc1000 	C:\Program Files\Java\jdk-20\bin\awt.dll
0x00007fff542c0000 - 0x00007fff54357000 	C:\WINDOWS\SYSTEM32\apphelp.dll
0x00007fff5b280000 - 0x00007fff5b382000 	C:\WINDOWS\SYSTEM32\DNSAPI.dll
0x00007fff5b210000 - 0x00007fff5b23d000 	C:\WINDOWS\SYSTEM32\IPHLPAPI.DLL
0x00007fff5e1a0000 - 0x00007fff5e1a9000 	C:\WINDOWS\System32\NSI.dll
0x00007fff54e30000 - 0x00007fff54e3a000 	C:\Windows\System32\rasadhlp.dll
0x00007fff54730000 - 0x00007fff547b3000 	C:\WINDOWS\System32\fwpuclnt.dll
0x00007fff46b70000 - 0x00007fff46b7a000 	C:\Program Files\Java\jdk-20\bin\management.dll
0x00007fff46b60000 - 0x00007fff46b6b000 	C:\Program Files\Java\jdk-20\bin\management_ext.dll
0x00007fff5ea40000 - 0x00007fff5ea48000 	C:\WINDOWS\System32\PSAPI.DLL
0x00007fff56830000 - 0x00007fff568e1000 	C:\WINDOWS\system32\uxtheme.dll
0x00007fff5da70000 - 0x00007fff5dbd1000 	C:\WINDOWS\System32\MSCTF.dll
0x00007fff5dff0000 - 0x00007fff5e195000 	C:\WINDOWS\System32\ole32.dll
0x00007fff56a90000 - 0x00007fff56abb000 	C:\WINDOWS\system32\DWMAPI.DLL
0x00007fff39270000 - 0x00007fff39370000 	C:\WINDOWS\system32\opengl32.dll
0x00007fff3a2f0000 - 0x00007fff3a31d000 	C:\WINDOWS\SYSTEM32\GLU32.dll
0x00007fff56940000 - 0x00007fff56977000 	C:\WINDOWS\SYSTEM32\dxcore.dll
0x00007fff5bed0000 - 0x00007fff5beeb000 	C:\WINDOWS\SYSTEM32\CRYPTSP.dll
0x00007fff5b720000 - 0x00007fff5b755000 	C:\WINDOWS\system32\rsaenh.dll
0x00007fff5bd60000 - 0x00007fff5bd88000 	C:\WINDOWS\SYSTEM32\USERENV.dll
0x00007fff5bec0000 - 0x00007fff5becc000 	C:\WINDOWS\SYSTEM32\CRYPTBASE.dll
0x00007fff54e40000 - 0x00007fff54e59000 	C:\WINDOWS\SYSTEM32\dhcpcsvc6.DLL
0x00007fff54e00000 - 0x00007fff54e1f000 	C:\WINDOWS\SYSTEM32\dhcpcsvc.DLL
0x00007fff47e90000 - 0x00007fff47ebe000 	C:\Program Files\Java\jdk-20\bin\javajpeg.dll
0x00007fff3f010000 - 0x00007fff3f027000 	C:\WINDOWS\system32\napinsp.dll
0x00007fff3eff0000 - 0x00007fff3f00b000 	C:\WINDOWS\system32\pnrpnsp.dll
0x00007fff3efd0000 - 0x00007fff3efe1000 	C:\WINDOWS\System32\winrnr.dll
0x00007fff3efb0000 - 0x00007fff3efc5000 	C:\WINDOWS\system32\wshbth.dll
0x00007fff3e1b0000 - 0x00007fff3e1d7000 	C:\WINDOWS\system32\nlansp_c.dll
0x00007fff40570000 - 0x00007fff405f6000 	C:\Program Files\Java\jdk-20\bin\freetype.dll
0x00007fff3ee70000 - 0x00007fff3ef43000 	C:\Program Files\Java\jdk-20\bin\fontmanager.dll
0x00007fff45280000 - 0x00007fff452d0000 	C:\WINDOWS\SYSTEM32\pdh.dll
0x00007fff5ee80000 - 0x00007fff5ef30000 	C:\WINDOWS\System32\clbcatq.dll
0x00007fff56440000 - 0x00007fff565f0000 	C:\WINDOWS\SYSTEM32\WindowsCodecs.dll
0x00007fff2ae90000 - 0x00007fff2aeee000 	C:\WINDOWS\system32\dataexchange.dll
0x00007fff4f830000 - 0x00007fff4fad4000 	C:\WINDOWS\system32\twinapi.appcore.dll
0x00007fff50080000 - 0x00007fff501c5000 	C:\WINDOWS\SYSTEM32\textinputframework.dll
0x00007fff2f1f0000 - 0x00007fff2f259000 	C:\WINDOWS\system32\Oleacc.dll
0x00007fff304d0000 - 0x00007fff3051b000 	C:\WINDOWS\system32\ApplicationTargetedFeatureDatabase.dll
0x00007fff53970000 - 0x00007fff53aa3000 	C:\WINDOWS\SYSTEM32\CoreMessaging.dll
0x00007fff51560000 - 0x00007fff518cd000 	C:\WINDOWS\SYSTEM32\CoreUIComponents.dll
0x00007fff402e0000 - 0x00007fff402f1000 	C:\WINDOWS\System32\perfproc.dll

dbghelp: loaded successfully - version: 4.0.5 - missing functions: none
symbol engine: initialized successfully - sym options: 0x614 - pdb path: .;C:\Program Files\Java\jdk-20\bin;C:\WINDOWS\SYSTEM32;C:\WINDOWS\WinSxS\amd64_microsoft.windows.common-controls_6595b64144ccf1df_6.0.22621.4541_none_2710d1c57384c085;C:\Program Files\Java\jdk-20\bin\server;C:\Program Files\JetBrains\IntelliJ IDEA 2024.3\bin

VM Arguments:
jvm_args: -javaagent:C:\Program Files\JetBrains\IntelliJ IDEA 2024.3\lib\idea_rt.jar=53421:C:\Program Files\JetBrains\IntelliJ IDEA 2024.3\bin -Dfile.encoding=UTF-8 -Dsun.stdout.encoding=UTF-8 -Dsun.stderr.encoding=UTF-8 
java_command: LoginPagePanel
java_class_path (initial): C:\Users\ASUS\IdeaProjects\ProyekUAS_PBOL_SEM3\target\classes;C:\Users\ASUS\.m2\repository\org\openjfx\javafx-controls\17.0.2\javafx-controls-17.0.2.jar;C:\Users\ASUS\.m2\repository\org\openjfx\javafx-controls\17.0.2\javafx-controls-17.0.2-win.jar;C:\Users\ASUS\.m2\repository\org\openjfx\javafx-graphics\17.0.2\javafx-graphics-17.0.2.jar;C:\Users\ASUS\.m2\repository\org\openjfx\javafx-graphics\17.0.2\javafx-graphics-17.0.2-win.jar;C:\Users\ASUS\.m2\repository\org\openjfx\javafx-base\17.0.2\javafx-base-17.0.2.jar;C:\Users\ASUS\.m2\repository\org\openjfx\javafx-base\17.0.2\javafx-base-17.0.2-win.jar;C:\Users\ASUS\.m2\repository\org\openjfx\javafx-fxml\17.0.2\javafx-fxml-17.0.2.jar;C:\Users\ASUS\.m2\repository\org\openjfx\javafx-fxml\17.0.2\javafx-fxml-17.0.2-win.jar
Launcher Type: SUN_STANDARD

[Global flags]
     intx CICompilerCount                          = 4                                         {product} {ergonomic}
     uint ConcGCThreads                            = 2                                         {product} {ergonomic}
     uint G1ConcRefinementThreads                  = 8                                         {product} {ergonomic}
   size_t G1HeapRegionSize                         = 1048576                                   {product} {ergonomic}
    uintx GCDrainStackTargetSize                   = 64                                        {product} {ergonomic}
   size_t InitialHeapSize                          = 62914560                                  {product} {ergonomic}
   size_t MarkStackSize                            = 4194304                                   {product} {ergonomic}
   size_t MaxHeapSize                              = 1000341504                                {product} {ergonomic}
   size_t MaxNewSize                               = 599785472                                 {product} {ergonomic}
   size_t MinHeapDeltaBytes                        = 1048576                                   {product} {ergonomic}
   size_t MinHeapSize                              = 8388608                                   {product} {ergonomic}
    uintx NonNMethodCodeHeapSize                   = 5839372                                {pd product} {ergonomic}
    uintx NonProfiledCodeHeapSize                  = 122909434                              {pd product} {ergonomic}
    uintx ProfiledCodeHeapSize                     = 122909434                              {pd product} {ergonomic}
    uintx ReservedCodeCacheSize                    = 251658240                              {pd product} {ergonomic}
     bool SegmentedCodeCache                       = true                                      {product} {ergonomic}
   size_t SoftMaxHeapSize                          = 1000341504                             {manageable} {ergonomic}
     bool UseCompressedClassPointers               = true                           {product lp64_product} {ergonomic}
     bool UseCompressedOops                        = true                           {product lp64_product} {ergonomic}
     bool UseG1GC                                  = true                                      {product} {ergonomic}
     bool UseLargePagesIndividualAllocation        = false                                  {pd product} {ergonomic}

Logging:
Log output configuration:
 #0: stdout all=warning uptime,level,tags foldmultilines=false
 #1: stderr all=off uptime,level,tags foldmultilines=false

Environment Variables:
PATH=C:\oraclexe\app\oracle\product\11.2.0\server\bin;;C:\Users\ASUS\AppData\Local\Programs\Python\Python311\Scripts\;C:\Users\ASUS\AppData\Local\Programs\Python\Python311\;C:\Program Files\Common Files\Oracle\Java\javapath;C:\Program Files (x86)\Common Files\Oracle\Java\javapath;C:\WINDOWS\system32;C:\WINDOWS;C:\WINDOWS\System32\Wbem;C:\WINDOWS\System32\WindowsPowerShell\v1.0\;C:\WINDOWS\System32\OpenSSH\;C:\Program Files\nodejs\;C:\ProgramData\chocolatey\bin;C:\Program Files\Docker\Docker\resources\bin;C:\Program Files\Go\bin;C:\Program Files\Git\cmd;C:\Users\ASUS\AppData\Local\Programs\Python\Python312\Scripts\;C:\Users\ASUS\AppData\Local\Programs\Python\Python312\;C:\Users\ASUS\AppData\Local\Programs\Python\Python311\Scripts\;C:\Users\ASUS\AppData\Local\Programs\Python\Python311\;C:\Users\ASUS\AppData\Local\Microsoft\WindowsApps;C:\Users\ASUS\AppData\Local\JetBrains\PyCharm 2023.1.3\bin;C:\Program Files\JetBrains\PyCharm Community Edition 2023.1.3\bin;C:\msys64\mingw64\bin;C:\Users\ASUS\AppData\Roaming\npm;C:\Users\ASUS\OneDrive\Desktop\sample\website\JavaScript\flutter\bin;C:\Users\ASUS\go\bin;C:\ghcup\bin;C:\Users\ASUS\AppData\Local\Programs\Microsoft VS Code\bin;C:\php;
USERNAME=ASUS
OS=Windows_NT
PROCESSOR_IDENTIFIER=Intel64 Family 6 Model 142 Stepping 12, GenuineIntel
TMP=C:\Users\ASUS\AppData\Local\Temp
TEMP=C:\Users\ASUS\AppData\Local\Temp




---------------  S Y S T E M  ---------------

OS:
 Windows 11 , 64 bit Build 22621 (10.0.22621.4391)
OS uptime: 0 days 15:37 hours
Hyper-V role detected

CPU: total 8 (initial active 8) (4 cores per cpu, 2 threads per core) family 6 model 142 stepping 12 microcode 0xde, cx8, cmov, fxsr, ht, mmx, 3dnowpref, sse, sse2, sse3, ssse3, sse4.1, sse4.2, popcnt, lzcnt, tsc, tscinvbit, avx, avx2, aes, erms, clmul, bmi1, bmi2, adx, fma, vzeroupper, clflush, clflushopt, hv, rdtscp, f16c

Memory: 4k page, system-wide physical 3810M (246M free)
TotalPageFile size 15586M (AvailPageFile size 2M)
current process WorkingSet (physical memory assigned to process): 44M, peak: 116M
current process commit charge ("private bytes"): 183M, peak: 183M

vm_info: Java HotSpot(TM) 64-Bit Server VM (20.0.2+9-78) for windows-amd64 JRE (20.0.2+9-78), built on 2023-06-14T10:08:48Z by "mach5one" with MS VC++ 17.1 (VS2022)

END.
